[23:01:40] [Render thread/INFO] [JMLogger] JourneyMap log initialized.
[23:01:40] [Render thread/INFO] [JourneymapClient] initialize ENTER
[23:01:40] [Render thread/INFO] [ClientAPI] [ClientAPI] built with JourneyMap API 2.0.0-SNAPSHOT
[23:01:40] [Render thread/INFO] [PluginHelper] Initializing plugins with Client API: journeymap.api.client.impl.ClientAPI
[23:01:40] [Render thread/INFO] [PluginHelper] Initialized IClientPlugin: journeymap.api.plugins.LoadedChunkOverlayPlugin
[23:01:40] [Render thread/INFO] [PluginHelper] Initialized IClientPlugin: net.blay09.mods.waystones.compat.JourneyMapIntegration
[23:01:40] [Render thread/INFO] [PluginHelper] Initialized IClientPlugin: me.frankv.jmi.JMIJourneyMapPlugin
[23:01:40] [Render thread/DEBUG] [JourneymapClient] Loading and Generating Journeymap configs
[23:01:40] [Render thread/WARN] [PropertiesBase] core (Initialized) Bad configField entry during updateFrom(): optionsManagerViewed=null
[23:01:40] [Render thread/WARN] [PropertiesBase] core (Initialized) Bad configField entry during updateFrom(): splashViewed=null
[23:01:40] [Render thread/INFO] [?] Version: JourneyMap 1.21.1-6.0.0-beta.47, built with neoforge 21.1.55
neoforge: 21.1.172
Environment: os.name, os.arch, java.version, user.country, user.language=null, game language=en_us, locale=en_us
Features: 
	RadarPlayers : singleplayer = true , multiplayer = true
	RadarAnimals : singleplayer = true , multiplayer = true
	RadarMobs : singleplayer = true , multiplayer = true
	RadarVillagers : singleplayer = true , multiplayer = true
	MapTopo : singleplayer = true , multiplayer = true
	MapSurface : singleplayer = true , multiplayer = true
	MapCaves : singleplayer = true , multiplayer = true
	MapBiome : singleplayer = true , multiplayer = true
MiniMapProperties{state=Valid, file=journeymap.minimap.config, configVersion=6.0.0-beta.47, infoSlotTimeFormat=HH:mm:ss, zoomLevel=512, compassFontScale=1.0, infoSlotFontScale=1.0, terrainAlpha=100, showEntityNames=false, showPassiveNames=false, positionX=0.9, positionY=0.25, effectVertical=false, showPlayerHeading=true, sizePercent=30, playerDisplayScale=1.0, showDayNight=true, showPets=true, showPlayerNames=true, preferredMapType=day, showCompass=true, showNpcNames=false, mobDisplay=jm.common.entity_display.dots_and_outlined_icons, showHostileNames=false, systemTimeRealFormat=HH:mm:ss, shape=jm.minimap.shape_circle, showSelf=true, showVillagerNames=false, selfDisplayScale=1.0, showGrid=true, reticleOrientation=jm.minimap.orientation.compass, minimapLockedMapType=jm.common.map_type.auto, effectTranslateX=0, info3LabelPosition=jm.minimap.info_slot.bottom, showWaypoints=true, info2LabelPosition=jm.minimap.info_slot.top, minimapKeyMovementSpeed=0.001, info1LabelPosition=jm.minimap.info_slot.top, showAnimals=true, infoSlotAlpha=0.7, effectTranslateY=0, showWaypointLabels=true, showAmbientNames=false, moveEffectIcons=true, showTeamNames=true, position=jm.minimap.position_topright, fontScale=1.0, info4LabelPosition=jm.minimap.info_slot.bottom, showPlayers=true, waypointIconScale=1.0, frameAlpha=100, effectReversed=false, backgroundAlpha=0.8, enabled=true, showVillagers=true, info2Label=jm.theme.labelsource.gametime, info3Label=jm.theme.labelsource.location, caveLayer=4, showMobs=true, waypointLabelScale=1.0, showReticle=true, orientation=jm.minimap.orientation.north, info4Label=jm.theme.labelsource.biome, locationFormat=xzyv, playerDisplay=jm.common.entity_display.outlined_icons, mobDisplayScale=1.0, showOffScreenPlayers=true, showCaves=true, hideEffectIcons=false, showMobHeading=true, locationFormatVerbose=true, showAmbientCreatures=false, showPetNames=false, info1Label=jm.theme.labelsource.blank, showNoIconNames=true}
MiniMapProperties{state=Valid, file=journeymap.minimap2.config, configVersion=6.0.0-beta.47, infoSlotTimeFormat=HH:mm:ss, zoomLevel=512, compassFontScale=1.0, infoSlotFontScale=1.0, terrainAlpha=100, showEntityNames=false, showPassiveNames=false, positionX=0.9, positionY=0.25, effectVertical=false, showPlayerHeading=true, sizePercent=30, playerDisplayScale=1.0, showDayNight=true, showPets=true, showPlayerNames=true, preferredMapType=day, showCompass=true, showNpcNames=false, mobDisplay=jm.common.entity_display.dots_and_outlined_icons, showHostileNames=false, systemTimeRealFormat=HH:mm:ss, shape=jm.minimap.shape_rectangle, showSelf=true, showVillagerNames=false, selfDisplayScale=1.0, showGrid=true, reticleOrientation=jm.minimap.orientation.compass, minimapLockedMapType=jm.common.map_type.auto, effectTranslateX=0, info3LabelPosition=jm.minimap.info_slot.bottom, showWaypoints=true, info2LabelPosition=jm.minimap.info_slot.top, minimapKeyMovementSpeed=0.001, info1LabelPosition=jm.minimap.info_slot.top, showAnimals=true, infoSlotAlpha=0.7, effectTranslateY=0, showWaypointLabels=true, showAmbientNames=false, moveEffectIcons=true, showTeamNames=true, position=jm.minimap.position_topright, fontScale=1.0, info4LabelPosition=jm.minimap.info_slot.bottom, showPlayers=true, waypointIconScale=1.0, frameAlpha=100, effectReversed=false, backgroundAlpha=0.8, enabled=true, showVillagers=true, info2Label=jm.theme.labelsource.gametime, info3Label=jm.theme.labelsource.location, caveLayer=4, showMobs=true, waypointLabelScale=1.0, showReticle=true, orientation=jm.minimap.orientation.north, info4Label=jm.theme.labelsource.biome, locationFormat=xzyv, playerDisplay=jm.common.entity_display.outlined_icons, mobDisplayScale=1.0, showOffScreenPlayers=true, showCaves=true, hideEffectIcons=false, showMobHeading=true, locationFormatVerbose=true, showAmbientCreatures=false, showPetNames=false, info1Label=jm.theme.labelsource.blank, showNoIconNames=true}
FullMapProperties{state=Valid, file=journeymap.fullmap.config, configVersion=6.0.0-beta.47, zoomLevel=512, minimalMode=false, showPlayers=true, waypointIconScale=1.0, showEntityNames=false, showPassiveNames=false, showPlayerHeading=true, showVillagers=true, showPlayerLoc=true, showKeys=true, playerDisplayScale=1.0, showMobs=true, showPets=true, waypointLabelScale=1.0, showPlayerNames=true, preferredMapType=day, showNpcNames=false, mobDisplay=jm.common.entity_display.dots_and_outlined_icons, showHostileNames=false, showSelf=true, locationFormat=xzyv, playerDisplay=jm.common.entity_display.outlined_icons, showVillagerNames=false, mobDisplayScale=1.0, selfDisplayScale=1.0, showOffScreenPlayers=true, showGrid=true, showMouseLoc=true, showWaypoints=true, showCaves=true, showThemeButton=true, showAnimals=true, showMobHeading=true, showWaypointLabels=true, locationFormatVerbose=true, showAmbientNames=false, showAmbientCreatures=false, showTeamNames=true, showPetNames=false, fontScale=1.0, showNoIconNames=true}
WaypointProperties{state=Valid, file=journeymap.waypoint.config, configVersion=6.0.0-beta.47, autoRemoveDeathpointDistance=2, showPlayers=false, dateFormat=MM-dd-yyyy, autoHideIconAngle=5, autoRemoveDeathpoints=false, autoHideIcon=false, autoHideLabelAngle=5, renderWaypointsWorld=true, showDeleteConfirmation=true, managerDimensionFocus=false, fullscreenDoubleClickToCreate=true, minDistance=4, coordinatesFormat=XZY, boldLabel=false, disableShare=false, showDeathpointlabel=true, textureSmall=true, useActionsButton=false, beaconEnabled=true, createDeathpoints=true, disableStrikeThrough=false, renderWaypointsMap=true, showName=true, maxDistance=0, autoHideLabel=true, autoRemoveTempWaypoints=2, teleportCommand=/execute in {dim} run tp {name} {x} {y} {z}, showStaticBeam=true, renderWaypoints=true, wholeNumberTeleportCoords=false, timeFormat=HH:mm:ss, shaderBeacon=false, showDistance=true, showRotatingBeam=true, fontScale=2.0, managerEnabled=true}
WebMapProperties{state=Valid, file=journeymap.webmap.config, configVersion=6.0.0-beta.47, port=8080, enabled=false}
CoreProperties{state=Valid, file=journeymap.core.config, configVersion=6.0.0-beta.47, maxPlayersData=32, mapSurfaceAboveCaves=true, dataCachingEnabled=true, maxAmbientCreaturesData=32, optionsManagerViewed=null, announceMod=true, ignoreSnow=false, colorPassive=#bbbbbb, colorPassiveLabel=#bbbbbb, mapShadows=true, mapBlendWater=true, playerIconFade=true, renderDistanceSurfaceMax=0, seedId=false, colorPetLabel=#0077ff, radarVerticalDistance=16, mapBlendGrass=true, recordCacheStats=false, hideSneakingEntities=true, initialSortOrder=Name, colorPlayerLabel=#ffffff, revealShape=jm.minimap.shape_circle, mapBiome=true, caveShader=jm.common.map_filter.default, mipmapLevels=5, colorVillagerLabel=#88e188, alwaysMapSurface=false, biomeShader=jm.common.map_filter.default, colorVillager=#88e188, mapPlants=false, colorPet=#0077ff, sortDescending=true, radarLateralDistance=64, mapBathymetry=false, mapCrops=true, maxMobsData=32, dayShader=jm.common.map_filter.default, mapPlantShadows=false, alwaysMapCaves=false, checkUpdates=true, colorHostileLabel=#ff0000, mapBlendFoliage=true, topoMax=0, hideSpectators=false, mappingEnabled=true, colorPlayer=#ffffff, cacheVillagersData=2200, logLevel=INFO, maxVillagersData=32, mapWaterBiomeColors=true, maxAnimalsData=32, mapTransparency=true, caveBlackAsClear=false, caveModeThreshold=2, legacyIcons=false, netherShader=jm.common.map_filter.default, caveIgnoreGlass=true, mapTopography=true, renderDistanceCaveMax=0, mapAntialiasing=true, colorSelf=#0000ff, cachePlayersData=2000, mapOnlyPlayerChunk=false, nightShader=jm.common.map_filter.default, cacheMobsData=3000, cachePlayerData=1000, splashViewed=null, colorHostile=#ff0000, topoShader=jm.common.map_filter.default, allowMiniMapBehindScreens=true, cacheAnimalsData=3100, ignoreHeightmaps=false, themeName=Purist, mapCaveLighting=true, renderDelay=2, mobIconFade=true, serverIp=false, glErrorChecking=false, autoMapPoll=2000}
[23:01:40] [Render thread/INFO] [JourneymapClient] initialize EXIT, elapsed count 1 avg 271.77ms
[23:02:02] [Render thread/INFO] [JourneymapClientNeoForge] Journeymap PostInit
[23:02:02] [Render thread/DEBUG] [JourneymapClient] postInitialize ENTER
[23:02:02] [Render thread/TRACE] [ThemeLoader] Initializing themes ...
[23:02:02] [Render thread/INFO] [NeoForgeHooks] ModFileLocation:file:/C:/Users/Solariity/AppData/Roaming/PrismLauncher/instances/new%20inst/minecraft/mods/journeymap-neoforge-1.21.1-6.0.0-beta.47.jar
[23:02:02] [Render thread/DEBUG] [FileHandler] ZipFilePath:C:/Users/Solariity/AppData/Roaming/PrismLauncher/instances/new inst/minecraft/mods/journeymap-neoforge-1.21.1-6.0.0-beta.47.jar zipEntryName:assets/journeymap/theme/victorian_ destDir:C:\Users\Solariity\AppData\Roaming\PrismLauncher\instances\new inst\minecraft\journeymap\icon\theme\victorian_ overWrite:true fromPath:C:/Users/Solariity/AppData/Roaming/PrismLauncher/instances/new inst/minecraft/mods/journeymap-neoforge-1.21.1-6.0.0-beta.47.jar
[23:02:02] [Render thread/INFO] [NeoForgeHooks] ModFileLocation:file:/C:/Users/Solariity/AppData/Roaming/PrismLauncher/instances/new%20inst/minecraft/mods/journeymap-neoforge-1.21.1-6.0.0-beta.47.jar
[23:02:02] [Render thread/DEBUG] [FileHandler] ZipFilePath:C:/Users/Solariity/AppData/Roaming/PrismLauncher/instances/new inst/minecraft/mods/journeymap-neoforge-1.21.1-6.0.0-beta.47.jar zipEntryName:assets/journeymap/theme/flat destDir:C:\Users\Solariity\AppData\Roaming\PrismLauncher\instances\new inst\minecraft\journeymap\icon\theme\flat overWrite:true fromPath:C:/Users/Solariity/AppData/Roaming/PrismLauncher/instances/new inst/minecraft/mods/journeymap-neoforge-1.21.1-6.0.0-beta.47.jar
[23:02:02] [Render thread/INFO] [NeoForgeHooks] ModFileLocation:file:/C:/Users/Solariity/AppData/Roaming/PrismLauncher/instances/new%20inst/minecraft/mods/journeymap-neoforge-1.21.1-6.0.0-beta.47.jar
[23:02:02] [Render thread/DEBUG] [FileHandler] ZipFilePath:C:/Users/Solariity/AppData/Roaming/PrismLauncher/instances/new inst/minecraft/mods/journeymap-neoforge-1.21.1-6.0.0-beta.47.jar zipEntryName:assets/journeymap/theme/vault_flat destDir:C:\Users\Solariity\AppData\Roaming\PrismLauncher\instances\new inst\minecraft\journeymap\icon\theme\vault_flat overWrite:true fromPath:C:/Users/Solariity/AppData/Roaming/PrismLauncher/instances/new inst/minecraft/mods/journeymap-neoforge-1.21.1-6.0.0-beta.47.jar
[23:02:02] [Render thread/INFO] [NeoForgeHooks] ModFileLocation:file:/C:/Users/Solariity/AppData/Roaming/PrismLauncher/instances/new%20inst/minecraft/mods/journeymap-neoforge-1.21.1-6.0.0-beta.47.jar
[23:02:02] [Render thread/DEBUG] [FileHandler] ZipFilePath:C:/Users/Solariity/AppData/Roaming/PrismLauncher/instances/new inst/minecraft/mods/journeymap-neoforge-1.21.1-6.0.0-beta.47.jar zipEntryName:assets/journeymap/theme/vault destDir:C:\Users\Solariity\AppData\Roaming\PrismLauncher\instances\new inst\minecraft\journeymap\icon\theme\vault overWrite:true fromPath:C:/Users/Solariity/AppData/Roaming/PrismLauncher/instances/new inst/minecraft/mods/journeymap-neoforge-1.21.1-6.0.0-beta.47.jar
[23:02:02] [Render thread/INFO] [ThemeLoader] Preloaded theme textures: 73
[23:02:02] [Render thread/INFO] [JourneymapClient] postInitialize EXIT, elapsed count 1 avg 676.61ms
[23:02:15] [Render thread/INFO] [ColorPalette] Color palette file generated for 0 blockstates in 0ms for: Default Palette
[23:03:24] [Render thread/INFO] [TextureCache] [JourneyMap]: Purging Theme Images
[23:03:24] [Render thread/INFO] [TextureCache] [JourneyMap]: Purging Region Images
[23:03:24] [Render thread/INFO] [TextureCache] [JourneyMap]: Purging Mob Icon Images
[23:03:24] [Render thread/INFO] [WaypointHandler] Resetting Waypoints and Groups.
[23:03:24] [Render thread/INFO] [WaypointStore] Loaded 0 waypoints from disk.
[23:03:24] [Render thread/INFO] [WaypointGroupStore] Loaded 4 waypoint groups from disk.
[23:03:38] [Render thread/INFO] [JourneymapClient] World UID is set to: f54a0142-4231-4189-b942-8c43e648a7eb
[23:03:38] [Render thread/INFO] [InternalStateHandler] Connection initiated with Journeymap Server: true
[23:03:38] [Render thread/INFO] [InternalStateHandler] Teleport Enabled: false
[23:03:38] [Render thread/INFO] [InternalStateHandler] Expanded Radar Enabled: true
[23:03:38] [Render thread/INFO] [InternalStateHandler] Server Admin Enabled: false
[23:03:38] [Render thread/INFO] [InternalStateHandler] Server set show in-game beacons: true
[23:03:38] [Render thread/INFO] [InternalStateHandler] Server set waypoints allowed: true
[23:03:38] [Render thread/INFO] [InternalStateHandler] Server set Server Admin read only mode: true
[23:03:38] [Render thread/INFO] [InternalStateHandler] Server set maxSurfaceRenderDistance to: 0
[23:03:38] [Render thread/INFO] [InternalStateHandler] Server setmaxCaveRenderDistance to: 0
[23:03:38] [Render thread/INFO] [InternalStateHandler] Server set allow mutliplayer options: true
[23:03:38] [Render thread/INFO] [InternalStateHandler] Server set allow rightClickTeleport options: true
[23:03:38] [Render thread/INFO] [InternalStateHandler] Server set allow radarLateralDistance options: 512
[23:03:38] [Render thread/INFO] [InternalStateHandler] Server set allow radarVerticalDistance options: 320
[23:03:38] [Render thread/INFO] [InternalStateHandler] Server set allow maxAnimalsData options: 128
[23:03:38] [Render thread/INFO] [InternalStateHandler] Server set allow maxAmbientCreaturesData options: 128
[23:03:38] [Render thread/INFO] [InternalStateHandler] Server set allow maxMobsData options: 128
[23:03:38] [Render thread/INFO] [InternalStateHandler] Server set allow maxPlayersData options: 128
[23:03:38] [Render thread/INFO] [InternalStateHandler] Server set allow maxVillagersData options: 128
[23:03:38] [Render thread/INFO] [InternalStateHandler] Server set allow playerRadarNamesEnabled options: true
[23:03:38] [Render thread/INFO] [InternalStateHandler] Server set allow minimapEnabled options: true
[23:03:38] [Render thread/INFO] [InternalStateHandler] Server set allow hideCoordinates options: false
[23:03:39] [Render thread/INFO] [InternalStateHandler] Connection initiated with Journeymap Server: true
[23:03:39] [Render thread/INFO] [InternalStateHandler] Teleport Enabled: false
[23:03:39] [Render thread/INFO] [InternalStateHandler] Expanded Radar Enabled: true
[23:03:39] [Render thread/INFO] [InternalStateHandler] Server Admin Enabled: false
[23:03:39] [Render thread/INFO] [InternalStateHandler] Server set show in-game beacons: true
[23:03:39] [Render thread/INFO] [InternalStateHandler] Server set waypoints allowed: true
[23:03:39] [Render thread/INFO] [InternalStateHandler] Server set Server Admin read only mode: true
[23:03:39] [Render thread/INFO] [InternalStateHandler] Server set maxSurfaceRenderDistance to: 0
[23:03:39] [Render thread/INFO] [InternalStateHandler] Server setmaxCaveRenderDistance to: 0
[23:03:39] [Render thread/INFO] [InternalStateHandler] Server set allow mutliplayer options: true
[23:03:39] [Render thread/INFO] [InternalStateHandler] Server set allow rightClickTeleport options: true
[23:03:39] [Render thread/INFO] [InternalStateHandler] Server set allow radarLateralDistance options: 512
[23:03:39] [Render thread/INFO] [InternalStateHandler] Server set allow radarVerticalDistance options: 320
[23:03:39] [Render thread/INFO] [InternalStateHandler] Server set allow maxAnimalsData options: 128
[23:03:39] [Render thread/INFO] [InternalStateHandler] Server set allow maxAmbientCreaturesData options: 128
[23:03:39] [Render thread/INFO] [InternalStateHandler] Server set allow maxMobsData options: 128
[23:03:39] [Render thread/INFO] [InternalStateHandler] Server set allow maxPlayersData options: 128
[23:03:39] [Render thread/INFO] [InternalStateHandler] Server set allow maxVillagersData options: 128
[23:03:39] [Render thread/INFO] [InternalStateHandler] Server set allow playerRadarNamesEnabled options: true
[23:03:39] [Render thread/INFO] [InternalStateHandler] Server set allow minimapEnabled options: true
[23:03:39] [Render thread/INFO] [InternalStateHandler] Server set allow hideCoordinates options: false
[23:03:42] [Render thread/INFO] [ChatLog] JourneyMap: Press [J]
[23:03:42] [Render thread/WARN] [PropertiesBase] core (Initialized) Bad configField entry during updateFrom(): optionsManagerViewed=null
[23:03:42] [Render thread/WARN] [PropertiesBase] core (Initialized) Bad configField entry during updateFrom(): splashViewed=null
[23:03:42] [Render thread/INFO] [ModBlockDelegate] Custom modded block handling enabled for create
[23:03:42] [Render thread/INFO] [WaypointHandler] Resetting Waypoints and Groups.
[23:03:42] [Render thread/INFO] [WaypointStore] Loaded 0 waypoints from disk.
[23:03:42] [Render thread/INFO] [WaypointGroupStore] Loaded 0 waypoint groups from disk.
[23:03:42] [Render thread/INFO] [LegacyWaypointFileMigrator] 0 Legacy waypoints found that need to be migrated and backed up.
[23:03:42] [Render thread/INFO] [ColorPalette] Color palette file generated for 0 blockstates in 1ms for: C:\Users\Solariity\AppData\Roaming\PrismLauncher\instances\new inst\minecraft\journeymap\colorpalette.json
[23:03:42] [Render thread/INFO] [ColorPalette] Color palette file generated for 0 blockstates in 1ms for: C:\Users\Solariity\AppData\Roaming\PrismLauncher\instances\new inst\minecraft\journeymap\data\mp\Minecraft~Server_f54a0142~4231~4189~b942~8c43e648a7eb\colorpalette.json
[23:03:42] [Render thread/INFO] [JourneymapClient] Mapping started in C:\Users\Solariity\AppData\Roaming\PrismLauncher\instances\new inst\minecraft\journeymap\data\mp\Minecraft~Server_f54a0142~4231~4189~b942~8c43e648a7eb\overworld. Memory: 9496MB total, 1126MB free 
[23:03:42] [Render thread/WARN] [JMLogger] Image is null: cobblemon:textures/entity_icon/0187_hoppip/hoppip.png
[23:03:42] [Render thread/WARN] [JMLogger] Image is null: cobblemon:textures/entity_icon/0415_combee/combee.png
[23:03:42] [Render thread/WARN] [JMLogger] Image is null: cobblemon:textures/entity_icon/0054_psyduck/psyduck.png
[23:03:42] [Render thread/WARN] [JMLogger] Image is null: cobblemon:textures/entity_icon/0165_ledyba/ledyba.png
[23:03:42] [Render thread/WARN] [JMLogger] Image is null: cobblemon:textures/entity_icon/0161_sentret/sentret.png
[23:03:42] [Render thread/INFO] [InternalStateHandler] Connection initiated with Journeymap Server: true
[23:03:42] [Render thread/INFO] [InternalStateHandler] Teleport Enabled: false
[23:03:42] [Render thread/INFO] [InternalStateHandler] Expanded Radar Enabled: true
[23:03:42] [Render thread/INFO] [InternalStateHandler] Server Admin Enabled: false
[23:03:42] [Render thread/INFO] [InternalStateHandler] Server set show in-game beacons: true
[23:03:42] [Render thread/INFO] [InternalStateHandler] Server set waypoints allowed: true
[23:03:42] [Render thread/INFO] [InternalStateHandler] Server set Server Admin read only mode: true
[23:03:42] [Render thread/INFO] [InternalStateHandler] Server set maxSurfaceRenderDistance to: 0
[23:03:42] [Render thread/INFO] [InternalStateHandler] Server setmaxCaveRenderDistance to: 0
[23:03:42] [Render thread/INFO] [InternalStateHandler] Server set allow mutliplayer options: true
[23:03:42] [Render thread/INFO] [InternalStateHandler] Server set allow rightClickTeleport options: true
[23:03:42] [Render thread/INFO] [InternalStateHandler] Server set allow radarLateralDistance options: 512
[23:03:42] [Render thread/INFO] [InternalStateHandler] Server set allow radarVerticalDistance options: 320
[23:03:42] [Render thread/INFO] [InternalStateHandler] Server set allow maxAnimalsData options: 128
[23:03:42] [Render thread/INFO] [InternalStateHandler] Server set allow maxAmbientCreaturesData options: 128
[23:03:42] [Render thread/INFO] [InternalStateHandler] Server set allow maxMobsData options: 128
[23:03:42] [Render thread/INFO] [InternalStateHandler] Server set allow maxPlayersData options: 128
[23:03:42] [Render thread/INFO] [InternalStateHandler] Server set allow maxVillagersData options: 128
[23:03:42] [Render thread/INFO] [InternalStateHandler] Server set allow playerRadarNamesEnabled options: true
[23:03:42] [Render thread/INFO] [InternalStateHandler] Server set allow minimapEnabled options: true
[23:03:42] [Render thread/INFO] [InternalStateHandler] Server set allow hideCoordinates options: false
[23:03:48] [Render thread/WARN] [JMLogger] Image is null: cobblemon:textures/entity_icon/0831_wooloo/wooloo.png
[23:03:48] [Render thread/WARN] [JMLogger] Image is null: cobblemon:textures/entity_icon/0309_electrike/electrike.png
[23:03:55] [Render thread/INFO] [InternalStateHandler] Connection initiated with Journeymap Server: true
[23:03:55] [Render thread/INFO] [InternalStateHandler] Teleport Enabled: true
[23:03:55] [Render thread/INFO] [InternalStateHandler] Expanded Radar Enabled: true
[23:03:55] [Render thread/INFO] [InternalStateHandler] Server Admin Enabled: true
[23:03:55] [Render thread/INFO] [InternalStateHandler] Server set show in-game beacons: true
[23:03:55] [Render thread/INFO] [InternalStateHandler] Server set waypoints allowed: true
[23:03:55] [Render thread/INFO] [InternalStateHandler] Server set Server Admin read only mode: true
[23:03:55] [Render thread/INFO] [InternalStateHandler] Server set maxSurfaceRenderDistance to: 0
[23:03:55] [Render thread/INFO] [InternalStateHandler] Server setmaxCaveRenderDistance to: 0
[23:03:55] [Render thread/INFO] [InternalStateHandler] Server set allow mutliplayer options: true
[23:03:55] [Render thread/INFO] [InternalStateHandler] Server set allow rightClickTeleport options: true
[23:03:55] [Render thread/INFO] [InternalStateHandler] Server set allow radarLateralDistance options: 512
[23:03:55] [Render thread/INFO] [InternalStateHandler] Server set allow radarVerticalDistance options: 320
[23:03:55] [Render thread/INFO] [InternalStateHandler] Server set allow maxAnimalsData options: 128
[23:03:55] [Render thread/INFO] [InternalStateHandler] Server set allow maxAmbientCreaturesData options: 128
[23:03:55] [Render thread/INFO] [InternalStateHandler] Server set allow maxMobsData options: 128
[23:03:55] [Render thread/INFO] [InternalStateHandler] Server set allow maxPlayersData options: 128
[23:03:55] [Render thread/INFO] [InternalStateHandler] Server set allow maxVillagersData options: 128
[23:03:55] [Render thread/INFO] [InternalStateHandler] Server set allow playerRadarNamesEnabled options: true
[23:03:55] [Render thread/INFO] [InternalStateHandler] Server set allow minimapEnabled options: true
[23:03:55] [Render thread/INFO] [InternalStateHandler] Server set allow hideCoordinates options: false
[23:04:00] [Render thread/WARN] [JMLogger] Image is null: cobblemon:textures/entity_icon/0659_bunnelby/bunnelby.png
[23:04:31] [Render thread/WARN] [JMLogger] Image is null: cobblemon:textures/entity_icon/0626_bouffalant/bouffalant.png
[23:04:31] [Render thread/WARN] [JMLogger] Image is null: cobblemon:textures/entity_icon/0060_poliwag/poliwag.png
[23:04:40] [Render thread/WARN] [JMLogger] Image is null: cobblemon:textures/entity_icon/0179_mareep/mareep.png
[23:04:40] [Render thread/WARN] [JMLogger] Image is null: cobblemon:textures/entity_icon/substitute.png
[23:04:43] [Render thread/WARN] [JMLogger] Image is null: cobblemon:textures/entity_icon/0585_deerling/deerling_spring.png
[23:04:43] [Render thread/WARN] [JMLogger] Image is null: cobblemon:textures/entity_icon/0749_mudbray/mudbray.png
[23:04:47] [Render thread/WARN] [JMLogger] Image is null: cobblemon:textures/entity_icon/0174_igglybuff/igglybuff.png
[23:05:02] [Render thread/WARN] [JMLogger] Image is null: cobblemon:textures/entity_icon/0016_pidgey/pidgey.png
[23:05:02] [Render thread/WARN] [JMLogger] Image is null: cobblemon:textures/entity_icon/0919_nymble/nymble.png
[23:05:06] [Render thread/WARN] [JMLogger] Image is null: cobblemon:textures/entity_icon/0162_furret/furret.png
[23:05:34] [Render thread/WARN] [JMLogger] Image is null: cobblemon:textures/entity_icon/0016_pidgey/pidgey.png
[23:05:34] [Render thread/WARN] [JMLogger] Image is null: cobblemon:textures/entity_icon/0919_nymble/nymble.png
[23:05:34] [Render thread/WARN] [JMLogger] Image is null: cobblemon:textures/entity_icon/0060_poliwag/poliwag.png
[23:05:34] [Render thread/WARN] [JMLogger] Image is null: cobblemon:textures/entity_icon/0162_furret/furret.png
[23:05:34] [Render thread/WARN] [JMLogger] Image is null: cobblemon:textures/entity_icon/0165_ledyba/ledyba.png
[23:05:34] [Render thread/WARN] [JMLogger] Image is null: cobblemon:textures/entity_icon/0415_combee/combee.png
[23:05:34] [Render thread/WARN] [JMLogger] Image is null: cobblemon:textures/entity_icon/0161_sentret/sentret.png
[23:05:34] [Render thread/WARN] [JMLogger] Image is null: cobblemon:textures/entity_icon/0054_psyduck/psyduck.png
[23:05:34] [Render thread/WARN] [JMLogger] Image is null: cobblemon:textures/entity_icon/0174_igglybuff/igglybuff.png
[23:05:34] [Render thread/WARN] [JMLogger] Image is null: cobblemon:textures/entity_icon/substitute.png
[23:05:34] [Render thread/WARN] [JMLogger] Image is null: cobblemon:textures/entity_icon/0749_mudbray/mudbray.png
[23:05:34] [Render thread/WARN] [JMLogger] Image is null: cobblemon:textures/entity_icon/0626_bouffalant/bouffalant.png
[23:05:34] [Render thread/WARN] [JMLogger] Image is null: cobblemon:textures/entity_icon/0179_mareep/mareep.png
[23:05:45] [Render thread/WARN] [JMLogger] Image is null: cobblemon:textures/entity_icon/0187_hoppip/hoppip.png
[23:06:01] [Render thread/WARN] [JMLogger] Image is null: cobblemon:textures/entity_icon/0915_lechonk/lechonk.png
[23:06:27] [Render thread/WARN] [JMLogger] Image is null: artifacts:textures/entity_icon/mimic.png
[23:06:34] [Render thread/WARN] [JMLogger] Image is null: cobblemon:textures/entity_icon/0361_snorunt/snorunt.png
[23:06:34] [Render thread/WARN] [JMLogger] Image is null: cobblemon:textures/entity_icon/0529_drilbur/drilbur.png
[23:06:39] [Render thread/WARN] [JMLogger] Image is null: cobblemon:textures/entity_icon/0353_shuppet/shuppet.png
[23:06:39] [Render thread/WARN] [JMLogger] Image is null: cobblemon:textures/entity_icon/0200_misdreavus/misdreavus.png
[23:06:40] [Render thread/INFO] [JourneymapClient] Mapping halted in C:\Users\Solariity\AppData\Roaming\PrismLauncher\instances\new inst\minecraft\journeymap\data\mp\Minecraft~Server_f54a0142~4231~4189~b942~8c43e648a7eb\minecraft:overworld
[23:06:40] [Render thread/INFO] [InternalStateHandler] Connection initiated with Journeymap Server: true
[23:06:40] [Render thread/INFO] [InternalStateHandler] Teleport Enabled: true
[23:06:40] [Render thread/INFO] [InternalStateHandler] Expanded Radar Enabled: true
[23:06:40] [Render thread/INFO] [InternalStateHandler] Server Admin Enabled: true
[23:06:40] [Render thread/INFO] [InternalStateHandler] Server set show in-game beacons: true
[23:06:40] [Render thread/INFO] [InternalStateHandler] Server set waypoints allowed: true
[23:06:40] [Render thread/INFO] [InternalStateHandler] Server set Server Admin read only mode: true
[23:06:40] [Render thread/INFO] [InternalStateHandler] Server set maxSurfaceRenderDistance to: 0
[23:06:40] [Render thread/INFO] [InternalStateHandler] Server setmaxCaveRenderDistance to: 0
[23:06:40] [Render thread/INFO] [InternalStateHandler] Server set allow mutliplayer options: true
[23:06:40] [Render thread/INFO] [InternalStateHandler] Server set allow rightClickTeleport options: true
[23:06:40] [Render thread/INFO] [InternalStateHandler] Server set allow radarLateralDistance options: 512
[23:06:40] [Render thread/INFO] [InternalStateHandler] Server set allow radarVerticalDistance options: 320
[23:06:40] [Render thread/INFO] [InternalStateHandler] Server set allow maxAnimalsData options: 128
[23:06:40] [Render thread/INFO] [InternalStateHandler] Server set allow maxAmbientCreaturesData options: 128
[23:06:40] [Render thread/INFO] [InternalStateHandler] Server set allow maxMobsData options: 128
[23:06:40] [Render thread/INFO] [InternalStateHandler] Server set allow maxPlayersData options: 128
[23:06:40] [Render thread/INFO] [InternalStateHandler] Server set allow maxVillagersData options: 128
[23:06:40] [Render thread/INFO] [InternalStateHandler] Server set allow playerRadarNamesEnabled options: true
[23:06:40] [Render thread/INFO] [InternalStateHandler] Server set allow minimapEnabled options: true
[23:06:40] [Render thread/INFO] [InternalStateHandler] Server set allow hideCoordinates options: false
[23:06:41] [Render thread/WARN] [PropertiesBase] core (Initialized) Bad configField entry during updateFrom(): optionsManagerViewed=null
[23:06:41] [Render thread/WARN] [PropertiesBase] core (Initialized) Bad configField entry during updateFrom(): splashViewed=null
[23:06:41] [Render thread/INFO] [WaypointHandler] Resetting Waypoints and Groups.
[23:06:41] [Render thread/INFO] [WaypointStore] Loaded 0 waypoints from disk.
[23:06:41] [Render thread/INFO] [WaypointGroupStore] Loaded 4 waypoint groups from disk.
[23:06:41] [Render thread/INFO] [LegacyWaypointFileMigrator] 0 Legacy waypoints found that need to be migrated and backed up.
[23:06:41] [Render thread/INFO] [ColorPalette] Color palette file generated for 0 blockstates in 1ms for: C:\Users\Solariity\AppData\Roaming\PrismLauncher\instances\new inst\minecraft\journeymap\colorpalette.json
[23:06:41] [Render thread/INFO] [ColorPalette] Color palette file generated for 0 blockstates in 0ms for: C:\Users\Solariity\AppData\Roaming\PrismLauncher\instances\new inst\minecraft\journeymap\data\mp\Minecraft~Server_f54a0142~4231~4189~b942~8c43e648a7eb\colorpalette.json
[23:06:41] [Render thread/INFO] [JourneymapClient] Mapping started in C:\Users\Solariity\AppData\Roaming\PrismLauncher\instances\new inst\minecraft\journeymap\data\mp\Minecraft~Server_f54a0142~4231~4189~b942~8c43e648a7eb\deeperdarker~otherside. Memory: 10096MB total, 2614MB free 
[23:06:41] [Render thread/INFO] [InternalStateHandler] Connection initiated with Journeymap Server: true
[23:06:41] [Render thread/INFO] [InternalStateHandler] Teleport Enabled: true
[23:06:41] [Render thread/INFO] [InternalStateHandler] Expanded Radar Enabled: true
[23:06:41] [Render thread/INFO] [InternalStateHandler] Server Admin Enabled: true
[23:06:41] [Render thread/INFO] [InternalStateHandler] Server set show in-game beacons: true
[23:06:41] [Render thread/INFO] [InternalStateHandler] Server set waypoints allowed: true
[23:06:41] [Render thread/INFO] [InternalStateHandler] Server set Server Admin read only mode: true
[23:06:41] [Render thread/INFO] [InternalStateHandler] Server set maxSurfaceRenderDistance to: 0
[23:06:41] [Render thread/INFO] [InternalStateHandler] Server setmaxCaveRenderDistance to: 0
[23:06:41] [Render thread/INFO] [InternalStateHandler] Server set allow mutliplayer options: true
[23:06:41] [Render thread/INFO] [InternalStateHandler] Server set allow rightClickTeleport options: true
[23:06:41] [Render thread/INFO] [InternalStateHandler] Server set allow radarLateralDistance options: 512
[23:06:41] [Render thread/INFO] [InternalStateHandler] Server set allow radarVerticalDistance options: 320
[23:06:41] [Render thread/INFO] [InternalStateHandler] Server set allow maxAnimalsData options: 128
[23:06:41] [Render thread/INFO] [InternalStateHandler] Server set allow maxAmbientCreaturesData options: 128
[23:06:41] [Render thread/INFO] [InternalStateHandler] Server set allow maxMobsData options: 128
[23:06:41] [Render thread/INFO] [InternalStateHandler] Server set allow maxPlayersData options: 128
[23:06:41] [Render thread/INFO] [InternalStateHandler] Server set allow maxVillagersData options: 128
[23:06:41] [Render thread/INFO] [InternalStateHandler] Server set allow playerRadarNamesEnabled options: true
[23:06:41] [Render thread/INFO] [InternalStateHandler] Server set allow minimapEnabled options: true
[23:06:41] [Render thread/INFO] [InternalStateHandler] Server set allow hideCoordinates options: false
[23:09:52] [Render thread/INFO] [ColorPalette] Color palette file generated for 0 blockstates in 0ms for: Default Palette
[23:10:22] [Render thread/INFO] [DeathPointHandler] Solariityy died at BlockPos{x=-1964, y=28, z=-482}. Deathpoints enabled: true. Deathpoint created: true
[23:10:22] [Render thread/WARN] [StatTimer] MiniMap1.Circle is not running.
[23:10:22] [Render thread/WARN] [StatTimer] MiniMap1.Circle is not running.
[23:10:22] [Render thread/WARN] [StatTimer] MiniMap1.Circle is not running.
[23:10:22] [Render thread/WARN] [StatTimer] MiniMap1.Circle is not running.
[23:10:22] [Render thread/WARN] [StatTimer] MiniMap1.Circle is not running.
[23:10:22] [Render thread/WARN] [StatTimer] MiniMap1.Circle is not running.
[23:10:22] [Render thread/WARN] [StatTimer] MiniMap1.Circle is not running.
[23:10:22] [Render thread/WARN] [StatTimer] MiniMap1.Circle is not running.
[23:10:22] [Render thread/WARN] [StatTimer] MiniMap1.Circle is not running.
[23:10:22] [Render thread/WARN] [StatTimer] MiniMap1.Circle is not running.
[23:10:22] [Render thread/WARN] [StatTimer] MiniMap1.Circle is not running.
[23:10:22] [Render thread/WARN] [StatTimer] MiniMap1.Circle is not running.
[23:10:22] [Render thread/WARN] [StatTimer] MiniMap1.Circle is not running.
[23:10:22] [Render thread/WARN] [StatTimer] MiniMap1.Circle is not running.
[23:10:22] [Render thread/WARN] [StatTimer] MiniMap1.Circle is not running.
[23:10:22] [Render thread/WARN] [StatTimer] MiniMap1.Circle is not running.
[23:10:22] [Render thread/WARN] [StatTimer] MiniMap1.Circle is not running.
[23:10:22] [Render thread/WARN] [StatTimer] MiniMap1.Circle is not running.
[23:10:22] [Render thread/WARN] [StatTimer] MiniMap1.Circle is not running.
[23:10:22] [Render thread/WARN] [StatTimer] MiniMap1.Circle is not running.
[23:10:22] [Render thread/WARN] [StatTimer] MiniMap1.Circle is not running.
[23:10:22] [Render thread/WARN] [StatTimer] MiniMap1.Circle is not running.
[23:10:22] [Render thread/WARN] [StatTimer] MiniMap1.Circle is not running.
[23:10:22] [Render thread/WARN] [StatTimer] MiniMap1.Circle is not running.
[23:10:22] [Render thread/WARN] [StatTimer] MiniMap1.Circle is not running.
[23:10:22] [Render thread/WARN] [StatTimer] MiniMap1.Circle is not running.
[23:10:22] [Render thread/WARN] [StatTimer] MiniMap1.Circle is not running.
[23:10:22] [Render thread/WARN] [StatTimer] MiniMap1.Circle is not running.
[23:10:22] [Render thread/WARN] [StatTimer] MiniMap1.Circle is not running.
[23:10:22] [Render thread/WARN] [StatTimer] MiniMap1.Circle is not running.
[23:10:22] [Render thread/WARN] [StatTimer] MiniMap1.Circle is not running.
[23:10:22] [Render thread/WARN] [StatTimer] MiniMap1.Circle is not running.
[23:10:22] [Render thread/WARN] [StatTimer] MiniMap1.Circle is not running.
[23:10:22] [Render thread/WARN] [StatTimer] MiniMap1.Circle is not running.
[23:10:22] [Render thread/WARN] [StatTimer] MiniMap1.Circle is not running.
[23:10:22] [Render thread/WARN] [StatTimer] MiniMap1.Circle is not running.
[23:10:22] [Render thread/WARN] [StatTimer] MiniMap1.Circle is not running.
[23:10:22] [Render thread/WARN] [StatTimer] MiniMap1.Circle is not running.
[23:10:22] [Render thread/WARN] [StatTimer] MiniMap1.Circle is not running.
[23:10:22] [Render thread/WARN] [StatTimer] MiniMap1.Circle is not running.
[23:10:22] [Render thread/WARN] [StatTimer] MiniMap1.Circle is not running.
[23:10:22] [Render thread/WARN] [StatTimer] MiniMap1.Circle is not running.
[23:10:22] [Render thread/WARN] [StatTimer] MiniMap1.Circle is not running.
[23:10:22] [Render thread/WARN] [StatTimer] MiniMap1.Circle is not running.
[23:10:22] [Render thread/WARN] [StatTimer] MiniMap1.Circle is not running.
[23:10:22] [Render thread/WARN] [StatTimer] MiniMap1.Circle is not running.
[23:10:22] [Render thread/WARN] [StatTimer] MiniMap1.Circle is not running.
[23:10:22] [Render thread/WARN] [StatTimer] MiniMap1.Circle is not running.
[23:10:22] [Render thread/WARN] [StatTimer] MiniMap1.Circle is not running.
[23:10:22] [Render thread/WARN] [StatTimer] MiniMap1.Circle is not running.
[23:10:22] [Render thread/WARN] [StatTimer] MiniMap1.Circle is not running.
[23:10:22] [Render thread/WARN] [StatTimer] MiniMap1.Circle is not running.
[23:10:22] [Render thread/WARN] [StatTimer] MiniMap1.Circle is not running.
[23:10:22] [Render thread/WARN] [StatTimer] MiniMap1.Circle is not running.
[23:10:22] [Render thread/WARN] [StatTimer] MiniMap1.Circle is not running.
[23:10:22] [Render thread/WARN] [StatTimer] MiniMap1.Circle is not running.
[23:10:22] [Render thread/WARN] [StatTimer] MiniMap1.Circle is not running.
[23:10:22] [Render thread/WARN] [StatTimer] MiniMap1.Circle is not running.
[23:10:22] [Render thread/WARN] [StatTimer] MiniMap1.Circle is not running.
[23:10:22] [Render thread/WARN] [StatTimer] MiniMap1.Circle is not running.
[23:10:22] [Render thread/WARN] [StatTimer] MiniMap1.Circle is not running.
[23:10:22] [Render thread/WARN] [StatTimer] MiniMap1.Circle is not running.
[23:10:22] [Render thread/WARN] [StatTimer] MiniMap1.Circle is not running.
[23:10:22] [Render thread/WARN] [StatTimer] MiniMap1.Circle is not running.
[23:10:22] [Render thread/WARN] [StatTimer] MiniMap1.Circle is not running.
[23:10:22] [Render thread/WARN] [StatTimer] MiniMap1.Circle is not running.
[23:10:22] [Render thread/WARN] [StatTimer] MiniMap1.Circle is not running.
[23:10:22] [Render thread/WARN] [StatTimer] MiniMap1.Circle is not running.
[23:10:22] [Render thread/WARN] [StatTimer] MiniMap1.Circle is not running.
[23:10:22] [Render thread/WARN] [StatTimer] MiniMap1.Circle is not running.
[23:10:22] [Render thread/WARN] [StatTimer] MiniMap1.Circle is not running.
[23:10:22] [Render thread/WARN] [StatTimer] MiniMap1.Circle is not running.
[23:10:22] [Render thread/WARN] [StatTimer] MiniMap1.Circle is not running.
[23:10:22] [Render thread/WARN] [StatTimer] MiniMap1.Circle is not running.
[23:10:22] [Render thread/WARN] [StatTimer] MiniMap1.Circle is not running.
[23:10:22] [Render thread/WARN] [StatTimer] MiniMap1.Circle is not running.
[23:10:22] [Render thread/WARN] [StatTimer] MiniMap1.Circle is not running.
[23:10:22] [Render thread/WARN] [StatTimer] MiniMap1.Circle is not running.
[23:10:22] [Render thread/WARN] [StatTimer] MiniMap1.Circle is not running.
[23:10:22] [Render thread/WARN] [StatTimer] MiniMap1.Circle is not running.
[23:10:22] [Render thread/WARN] [StatTimer] MiniMap1.Circle is not running.
[23:10:22] [Render thread/WARN] [StatTimer] MiniMap1.Circle is not running.
[23:10:23] [Render thread/WARN] [StatTimer] MiniMap1.Circle is not running.
[23:10:23] [Render thread/WARN] [StatTimer] MiniMap1.Circle is not running.
[23:10:23] [Render thread/WARN] [StatTimer] MiniMap1.Circle is not running.
[23:10:23] [Render thread/WARN] [StatTimer] MiniMap1.Circle is not running.
[23:10:23] [Render thread/WARN] [StatTimer] MiniMap1.Circle is not running.
[23:10:23] [Render thread/WARN] [StatTimer] MiniMap1.Circle is not running.
[23:10:23] [Render thread/WARN] [StatTimer] MiniMap1.Circle is not running.
[23:10:23] [Render thread/WARN] [StatTimer] MiniMap1.Circle is not running.
[23:10:23] [Render thread/WARN] [StatTimer] MiniMap1.Circle is not running.
[23:10:23] [Render thread/WARN] [StatTimer] MiniMap1.Circle is not running.
[23:10:23] [Render thread/WARN] [StatTimer] MiniMap1.Circle is not running.
[23:10:23] [Render thread/WARN] [StatTimer] MiniMap1.Circle is not running.
[23:10:23] [Render thread/WARN] [StatTimer] MiniMap1.Circle is not running.
[23:10:23] [Render thread/WARN] [StatTimer] MiniMap1.Circle is not running.
[23:10:23] [Render thread/WARN] [StatTimer] MiniMap1.Circle is not running.
[23:10:23] [Render thread/WARN] [StatTimer] MiniMap1.Circle is not running.
[23:10:23] [Render thread/WARN] [StatTimer] MiniMap1.Circle is not running.
[23:10:23] [Render thread/WARN] [StatTimer] MiniMap1.Circle is not running.
[23:10:23] [Render thread/WARN] [StatTimer] MiniMap1.Circle is not running.
[23:10:23] [Render thread/WARN] [StatTimer] MiniMap1.Circle is not running.
[23:10:23] [Render thread/WARN] [StatTimer] MiniMap1.Circle is not running.
[23:10:23] [Render thread/WARN] [StatTimer] MiniMap1.Circle is not running.
[23:10:23] [Render thread/WARN] [StatTimer] MiniMap1.Circle is not running.
[23:10:23] [Render thread/WARN] [StatTimer] MiniMap1.Circle is not running.
[23:10:23] [Render thread/WARN] [StatTimer] MiniMap1.Circle is not running.
[23:10:23] [Render thread/WARN] [StatTimer] MiniMap1.Circle is not running.
[23:10:23] [Render thread/WARN] [StatTimer] MiniMap1.Circle is not running.
[23:10:23] [Render thread/WARN] [StatTimer] MiniMap1.Circle is not running.
[23:10:23] [Render thread/WARN] [StatTimer] MiniMap1.Circle is not running.
[23:10:23] [Render thread/WARN] [StatTimer] MiniMap1.Circle is not running.
[23:10:23] [Render thread/WARN] [StatTimer] MiniMap1.Circle is not running.
[23:10:23] [Render thread/WARN] [StatTimer] MiniMap1.Circle is not running.
[23:10:23] [Render thread/WARN] [StatTimer] MiniMap1.Circle is not running.
[23:10:23] [Render thread/WARN] [StatTimer] MiniMap1.Circle is not running.
[23:10:23] [Render thread/WARN] [StatTimer] MiniMap1.Circle is not running.
[23:10:23] [Render thread/WARN] [StatTimer] MiniMap1.Circle is not running.
[23:10:23] [Render thread/WARN] [StatTimer] MiniMap1.Circle is not running.
[23:10:23] [Render thread/WARN] [StatTimer] MiniMap1.Circle is not running.
[23:10:23] [Render thread/WARN] [StatTimer] MiniMap1.Circle is not running.
[23:10:23] [Render thread/WARN] [StatTimer] MiniMap1.Circle is not running.
[23:10:23] [Render thread/WARN] [StatTimer] MiniMap1.Circle is not running.
[23:10:23] [Render thread/WARN] [StatTimer] MiniMap1.Circle is not running.
[23:10:23] [Render thread/WARN] [StatTimer] MiniMap1.Circle is not running.
[23:10:23] [Render thread/WARN] [StatTimer] MiniMap1.Circle is not running.
[23:10:23] [Render thread/WARN] [StatTimer] MiniMap1.Circle is not running.
[23:10:23] [Render thread/WARN] [StatTimer] MiniMap1.Circle is not running.
[23:10:23] [Render thread/WARN] [StatTimer] MiniMap1.Circle is not running.
[23:10:23] [Render thread/WARN] [StatTimer] MiniMap1.Circle is not running.
[23:10:23] [Render thread/WARN] [StatTimer] MiniMap1.Circle is not running.
[23:10:23] [Render thread/WARN] [StatTimer] MiniMap1.Circle is not running.
[23:10:23] [Render thread/WARN] [StatTimer] MiniMap1.Circle is not running.
[23:10:23] [Render thread/WARN] [StatTimer] MiniMap1.Circle is not running.
[23:10:23] [Render thread/WARN] [StatTimer] MiniMap1.Circle is not running.
[23:10:23] [Render thread/WARN] [StatTimer] MiniMap1.Circle is not running.
[23:10:23] [Render thread/WARN] [StatTimer] MiniMap1.Circle is not running.
[23:10:23] [Render thread/WARN] [StatTimer] MiniMap1.Circle is not running.
[23:10:23] [Render thread/WARN] [StatTimer] MiniMap1.Circle is not running.
[23:10:23] [Render thread/WARN] [StatTimer] MiniMap1.Circle is not running.
[23:10:23] [Render thread/WARN] [StatTimer] MiniMap1.Circle is not running.
[23:10:23] [Render thread/WARN] [StatTimer] MiniMap1.Circle is not running.
[23:10:23] [Render thread/WARN] [StatTimer] MiniMap1.Circle is not running.
[23:10:23] [Render thread/WARN] [StatTimer] MiniMap1.Circle is not running.
[23:10:23] [Render thread/WARN] [StatTimer] MiniMap1.Circle is not running.
[23:10:23] [Render thread/WARN] [StatTimer] MiniMap1.Circle is not running.
[23:10:23] [Render thread/WARN] [StatTimer] MiniMap1.Circle is not running.
[23:10:23] [Render thread/WARN] [StatTimer] MiniMap1.Circle is not running.
[23:10:23] [Render thread/WARN] [StatTimer] MiniMap1.Circle is not running.
[23:10:23] [Render thread/WARN] [StatTimer] MiniMap1.Circle is not running.
[23:10:23] [Render thread/WARN] [StatTimer] MiniMap1.Circle is not running.
[23:10:23] [Render thread/WARN] [StatTimer] MiniMap1.Circle is not running.
[23:10:23] [Render thread/WARN] [StatTimer] MiniMap1.Circle is not running.
[23:10:23] [Render thread/WARN] [StatTimer] MiniMap1.Circle is not running.
[23:10:23] [Render thread/WARN] [StatTimer] MiniMap1.Circle is not running.
[23:10:23] [Render thread/WARN] [StatTimer] MiniMap1.Circle is not running.
[23:10:23] [Render thread/WARN] [StatTimer] MiniMap1.Circle is not running.
[23:10:23] [Render thread/WARN] [StatTimer] MiniMap1.Circle is not running.
[23:10:23] [Render thread/WARN] [StatTimer] MiniMap1.Circle is not running.
[23:10:23] [Render thread/WARN] [StatTimer] MiniMap1.Circle is not running.
[23:10:23] [Render thread/WARN] [StatTimer] MiniMap1.Circle is not running.
[23:10:23] [Render thread/WARN] [StatTimer] MiniMap1.Circle is not running.
[23:10:23] [Render thread/WARN] [StatTimer] MiniMap1.Circle is not running.
[23:10:23] [Render thread/WARN] [StatTimer] MiniMap1.Circle is not running.
[23:10:23] [Render thread/WARN] [StatTimer] MiniMap1.Circle is not running.
[23:10:23] [Render thread/WARN] [StatTimer] MiniMap1.Circle is not running.
[23:10:23] [Render thread/WARN] [StatTimer] MiniMap1.Circle is not running.
[23:10:23] [Render thread/WARN] [StatTimer] MiniMap1.Circle is not running.
[23:10:23] [Render thread/WARN] [StatTimer] MiniMap1.Circle is not running.
[23:10:23] [Render thread/WARN] [StatTimer] MiniMap1.Circle is not running.
[23:10:23] [Render thread/WARN] [StatTimer] MiniMap1.Circle is not running.
[23:10:23] [Render thread/WARN] [StatTimer] MiniMap1.Circle is not running.
[23:10:23] [Render thread/WARN] [StatTimer] MiniMap1.Circle is not running.
[23:10:23] [Render thread/WARN] [StatTimer] MiniMap1.Circle is not running.
[23:10:23] [Render thread/WARN] [StatTimer] MiniMap1.Circle is not running.
[23:10:23] [Render thread/WARN] [StatTimer] MiniMap1.Circle is not running.
[23:10:23] [Render thread/WARN] [StatTimer] MiniMap1.Circle is not running.
[23:10:23] [Render thread/WARN] [StatTimer] MiniMap1.Circle is not running.
[23:10:23] [Render thread/WARN] [StatTimer] MiniMap1.Circle is not running.
[23:10:23] [Render thread/WARN] [StatTimer] MiniMap1.Circle is not running.
[23:10:23] [Render thread/WARN] [StatTimer] MiniMap1.Circle is not running.
[23:10:23] [Render thread/WARN] [StatTimer] MiniMap1.Circle is not running.
[23:10:23] [Render thread/WARN] [StatTimer] MiniMap1.Circle is not running.
[23:10:23] [Render thread/WARN] [StatTimer] MiniMap1.Circle is not running.
[23:10:23] [Render thread/WARN] [StatTimer] MiniMap1.Circle is not running.
[23:10:23] [Render thread/WARN] [StatTimer] MiniMap1.Circle is not running.
[23:10:23] [Render thread/WARN] [StatTimer] MiniMap1.Circle is not running.
[23:10:23] [Render thread/WARN] [StatTimer] MiniMap1.Circle is not running.
[23:10:23] [Render thread/WARN] [StatTimer] MiniMap1.Circle is not running.
[23:10:23] [Render thread/WARN] [StatTimer] MiniMap1.Circle is not running.
[23:10:23] [Render thread/WARN] [StatTimer] MiniMap1.Circle is not running.
[23:10:23] [Render thread/WARN] [StatTimer] MiniMap1.Circle is not running.
[23:10:23] [Render thread/WARN] [StatTimer] MiniMap1.Circle is not running.
[23:10:23] [Render thread/WARN] [StatTimer] MiniMap1.Circle is not running.
[23:10:23] [Render thread/WARN] [StatTimer] MiniMap1.Circle is not running.
[23:10:23] [Render thread/WARN] [StatTimer] MiniMap1.Circle is not running.
[23:10:23] [Render thread/WARN] [StatTimer] MiniMap1.Circle is not running.
[23:10:23] [Render thread/WARN] [StatTimer] MiniMap1.Circle is not running.
[23:10:23] [Render thread/WARN] [StatTimer] MiniMap1.Circle is not running.
[23:10:23] [Render thread/WARN] [StatTimer] MiniMap1.Circle is not running.
[23:10:23] [Render thread/WARN] [StatTimer] MiniMap1.Circle is not running.
[23:10:24] [Render thread/WARN] [StatTimer] MiniMap1.Circle is not running.
[23:10:24] [Render thread/WARN] [StatTimer] MiniMap1.Circle is not running.
[23:10:24] [Render thread/WARN] [StatTimer] MiniMap1.Circle is not running.
[23:10:24] [Render thread/WARN] [StatTimer] MiniMap1.Circle is not running.
[23:10:24] [Render thread/WARN] [StatTimer] MiniMap1.Circle is not running.
[23:10:24] [Render thread/WARN] [StatTimer] MiniMap1.Circle is not running.
[23:10:24] [Render thread/WARN] [StatTimer] MiniMap1.Circle is not running.
[23:10:24] [Render thread/WARN] [StatTimer] MiniMap1.Circle is not running.
[23:10:24] [Render thread/WARN] [StatTimer] MiniMap1.Circle is not running.
[23:10:24] [Render thread/WARN] [StatTimer] MiniMap1.Circle is not running.
[23:10:24] [Render thread/WARN] [StatTimer] MiniMap1.Circle is not running.
[23:10:24] [Render thread/WARN] [StatTimer] MiniMap1.Circle is not running.
[23:10:24] [Render thread/WARN] [StatTimer] MiniMap1.Circle is not running.
[23:10:24] [Render thread/WARN] [StatTimer] MiniMap1.Circle is not running.
[23:10:24] [Render thread/WARN] [StatTimer] MiniMap1.Circle is not running.
[23:10:24] [Render thread/WARN] [StatTimer] MiniMap1.Circle is not running.
[23:10:24] [Render thread/WARN] [StatTimer] MiniMap1.Circle is not running.
[23:10:24] [Render thread/WARN] [StatTimer] MiniMap1.Circle is not running.
[23:10:24] [Render thread/WARN] [StatTimer] MiniMap1.Circle is not running.
[23:10:24] [Render thread/WARN] [StatTimer] MiniMap1.Circle is not running.
[23:10:24] [Render thread/WARN] [StatTimer] MiniMap1.Circle is not running.
[23:10:24] [Render thread/WARN] [StatTimer] MiniMap1.Circle is not running.
[23:10:24] [Render thread/WARN] [StatTimer] MiniMap1.Circle is not running.
[23:10:24] [Render thread/WARN] [StatTimer] MiniMap1.Circle is not running.
[23:10:24] [Render thread/WARN] [StatTimer] MiniMap1.Circle is not running.
[23:10:24] [Render thread/WARN] [StatTimer] MiniMap1.Circle is not running.
[23:10:24] [Render thread/WARN] [StatTimer] MiniMap1.Circle is not running.
[23:10:24] [Render thread/WARN] [StatTimer] MiniMap1.Circle is not running.
[23:10:24] [Render thread/WARN] [StatTimer] MiniMap1.Circle is not running.
[23:10:24] [Render thread/WARN] [StatTimer] MiniMap1.Circle is not running.
[23:10:24] [Render thread/WARN] [StatTimer] MiniMap1.Circle is not running.
[23:10:24] [Render thread/WARN] [StatTimer] MiniMap1.Circle is not running.
[23:10:24] [Render thread/WARN] [StatTimer] MiniMap1.Circle is not running.
[23:10:24] [Render thread/WARN] [StatTimer] MiniMap1.Circle is not running.
[23:10:24] [Render thread/WARN] [StatTimer] MiniMap1.Circle is not running.
[23:10:24] [Render thread/WARN] [StatTimer] MiniMap1.Circle is not running.
[23:10:24] [Render thread/WARN] [StatTimer] MiniMap1.Circle is not running.
[23:10:24] [Render thread/WARN] [StatTimer] MiniMap1.Circle is not running.
[23:10:24] [Render thread/WARN] [StatTimer] MiniMap1.Circle is not running.
[23:10:24] [Render thread/WARN] [StatTimer] MiniMap1.Circle is not running.
[23:10:24] [Render thread/WARN] [StatTimer] MiniMap1.Circle is not running.
[23:10:24] [Render thread/WARN] [StatTimer] MiniMap1.Circle is not running.
[23:10:24] [Render thread/WARN] [StatTimer] MiniMap1.Circle is not running.
[23:10:24] [Render thread/WARN] [StatTimer] MiniMap1.Circle is not running.
[23:10:24] [Render thread/WARN] [StatTimer] MiniMap1.Circle is not running.
[23:10:24] [Render thread/WARN] [StatTimer] MiniMap1.Circle is not running.
[23:10:24] [Render thread/WARN] [StatTimer] MiniMap1.Circle is not running.
[23:10:24] [Render thread/WARN] [StatTimer] MiniMap1.Circle is not running.
[23:10:24] [Render thread/WARN] [StatTimer] MiniMap1.Circle is not running.
[23:10:24] [Render thread/WARN] [StatTimer] MiniMap1.Circle is not running.
[23:10:24] [Render thread/WARN] [StatTimer] MiniMap1.Circle is not running.
[23:10:24] [Render thread/WARN] [StatTimer] MiniMap1.Circle is not running.
[23:10:24] [Render thread/WARN] [StatTimer] MiniMap1.Circle is not running.
[23:10:24] [Render thread/WARN] [StatTimer] MiniMap1.Circle is not running.
[23:10:24] [Render thread/WARN] [StatTimer] MiniMap1.Circle is not running.
[23:10:24] [Render thread/WARN] [StatTimer] MiniMap1.Circle is not running.
[23:10:24] [Render thread/WARN] [StatTimer] MiniMap1.Circle is not running.
[23:10:24] [Render thread/WARN] [StatTimer] MiniMap1.Circle is not running.
[23:10:24] [Render thread/WARN] [StatTimer] MiniMap1.Circle is not running.
[23:10:24] [Render thread/WARN] [StatTimer] MiniMap1.Circle is not running.
[23:10:24] [Render thread/WARN] [StatTimer] MiniMap1.Circle is not running.
[23:10:24] [Render thread/WARN] [StatTimer] MiniMap1.Circle is not running.
[23:10:24] [Render thread/WARN] [StatTimer] MiniMap1.Circle is not running.
[23:10:24] [Render thread/WARN] [StatTimer] MiniMap1.Circle is not running.
[23:10:24] [Render thread/WARN] [StatTimer] MiniMap1.Circle is not running.
[23:10:24] [Render thread/WARN] [StatTimer] MiniMap1.Circle is not running.
[23:10:24] [Render thread/WARN] [StatTimer] MiniMap1.Circle is not running.
[23:10:24] [Render thread/WARN] [StatTimer] MiniMap1.Circle is not running.
[23:10:24] [Render thread/WARN] [StatTimer] MiniMap1.Circle is not running.
[23:10:24] [Render thread/WARN] [StatTimer] MiniMap1.Circle is not running.
[23:10:24] [Render thread/WARN] [StatTimer] MiniMap1.Circle is not running.
[23:10:24] [Render thread/WARN] [StatTimer] MiniMap1.Circle is not running.
[23:10:24] [Render thread/WARN] [StatTimer] MiniMap1.Circle is not running.
[23:10:24] [Render thread/WARN] [StatTimer] MiniMap1.Circle is not running.
[23:10:24] [Render thread/WARN] [StatTimer] MiniMap1.Circle is not running.
[23:10:24] [Render thread/WARN] [StatTimer] MiniMap1.Circle is not running.
[23:10:24] [Render thread/WARN] [StatTimer] MiniMap1.Circle is not running.
[23:10:24] [Render thread/WARN] [StatTimer] MiniMap1.Circle is not running.
[23:10:24] [Render thread/WARN] [StatTimer] MiniMap1.Circle is not running.
[23:10:24] [Render thread/WARN] [StatTimer] MiniMap1.Circle is not running.
[23:10:24] [Render thread/WARN] [StatTimer] MiniMap1.Circle is not running.
[23:10:24] [Render thread/WARN] [StatTimer] MiniMap1.Circle is not running.
[23:10:24] [Render thread/WARN] [StatTimer] MiniMap1.Circle is not running.
[23:10:24] [Render thread/WARN] [StatTimer] MiniMap1.Circle is not running.
[23:10:24] [Render thread/WARN] [StatTimer] MiniMap1.Circle is not running.
[23:10:24] [Render thread/WARN] [StatTimer] MiniMap1.Circle is not running.
[23:10:24] [Render thread/WARN] [StatTimer] MiniMap1.Circle is not running.
[23:10:24] [Render thread/WARN] [StatTimer] MiniMap1.Circle is not running.
[23:10:24] [Render thread/WARN] [StatTimer] MiniMap1.Circle is not running.
[23:10:24] [Render thread/WARN] [StatTimer] MiniMap1.Circle is not running.
[23:10:24] [Render thread/WARN] [StatTimer] MiniMap1.Circle is not running.
[23:10:24] [Render thread/WARN] [StatTimer] MiniMap1.Circle is not running.
[23:10:24] [Render thread/WARN] [StatTimer] MiniMap1.Circle is not running.
[23:10:24] [Render thread/WARN] [StatTimer] MiniMap1.Circle is not running.
[23:10:24] [Render thread/WARN] [StatTimer] MiniMap1.Circle is not running.
[23:10:24] [Render thread/WARN] [StatTimer] MiniMap1.Circle is not running.
[23:10:24] [Render thread/WARN] [StatTimer] MiniMap1.Circle is not running.
[23:10:24] [Render thread/WARN] [StatTimer] MiniMap1.Circle is not running.
[23:10:24] [Render thread/WARN] [StatTimer] MiniMap1.Circle is not running.
[23:10:24] [Render thread/WARN] [StatTimer] MiniMap1.Circle is not running.
[23:10:24] [Render thread/WARN] [StatTimer] MiniMap1.Circle is not running.
[23:10:24] [Render thread/WARN] [StatTimer] MiniMap1.Circle is not running.
[23:10:24] [Render thread/WARN] [StatTimer] MiniMap1.Circle is not running.
[23:10:24] [Render thread/WARN] [StatTimer] MiniMap1.Circle is not running.
[23:10:24] [Render thread/WARN] [StatTimer] MiniMap1.Circle is not running.
[23:10:24] [Render thread/WARN] [StatTimer] MiniMap1.Circle is not running.
[23:10:24] [Render thread/WARN] [StatTimer] MiniMap1.Circle is not running.
[23:10:24] [Render thread/WARN] [StatTimer] MiniMap1.Circle is not running.
[23:10:24] [Render thread/INFO] [JourneymapClient] Mapping halted in C:\Users\Solariity\AppData\Roaming\PrismLauncher\instances\new inst\minecraft\journeymap\data\mp\Minecraft~Server_f54a0142~4231~4189~b942~8c43e648a7eb\deeperdarker:otherside
[23:10:25] [Render thread/INFO] [InternalStateHandler] Connection initiated with Journeymap Server: true
[23:10:25] [Render thread/INFO] [InternalStateHandler] Teleport Enabled: true
[23:10:25] [Render thread/INFO] [InternalStateHandler] Expanded Radar Enabled: true
[23:10:25] [Render thread/INFO] [InternalStateHandler] Server Admin Enabled: true
[23:10:25] [Render thread/INFO] [InternalStateHandler] Server set show in-game beacons: true
[23:10:25] [Render thread/INFO] [InternalStateHandler] Server set waypoints allowed: true
[23:10:25] [Render thread/INFO] [InternalStateHandler] Server set Server Admin read only mode: true
[23:10:25] [Render thread/INFO] [InternalStateHandler] Server set maxSurfaceRenderDistance to: 0
[23:10:25] [Render thread/INFO] [InternalStateHandler] Server setmaxCaveRenderDistance to: 0
[23:10:25] [Render thread/INFO] [InternalStateHandler] Server set allow mutliplayer options: true
[23:10:25] [Render thread/INFO] [InternalStateHandler] Server set allow rightClickTeleport options: true
[23:10:25] [Render thread/INFO] [InternalStateHandler] Server set allow radarLateralDistance options: 512
[23:10:25] [Render thread/INFO] [InternalStateHandler] Server set allow radarVerticalDistance options: 320
[23:10:25] [Render thread/INFO] [InternalStateHandler] Server set allow maxAnimalsData options: 128
[23:10:25] [Render thread/INFO] [InternalStateHandler] Server set allow maxAmbientCreaturesData options: 128
[23:10:25] [Render thread/INFO] [InternalStateHandler] Server set allow maxMobsData options: 128
[23:10:25] [Render thread/INFO] [InternalStateHandler] Server set allow maxPlayersData options: 128
[23:10:25] [Render thread/INFO] [InternalStateHandler] Server set allow maxVillagersData options: 128
[23:10:25] [Render thread/INFO] [InternalStateHandler] Server set allow playerRadarNamesEnabled options: true
[23:10:25] [Render thread/INFO] [InternalStateHandler] Server set allow minimapEnabled options: true
[23:10:25] [Render thread/INFO] [InternalStateHandler] Server set allow hideCoordinates options: false
[23:10:25] [Render thread/WARN] [PropertiesBase] core (Initialized) Bad configField entry during updateFrom(): optionsManagerViewed=null
[23:10:25] [Render thread/WARN] [PropertiesBase] core (Initialized) Bad configField entry during updateFrom(): splashViewed=null
[23:10:25] [Render thread/INFO] [WaypointHandler] Resetting Waypoints and Groups.
[23:10:25] [Render thread/INFO] [WaypointStore] Loaded 1 waypoints from disk.
[23:10:25] [Render thread/INFO] [WaypointGroupStore] Loaded 4 waypoint groups from disk.
[23:10:25] [Render thread/INFO] [LegacyWaypointFileMigrator] 0 Legacy waypoints found that need to be migrated and backed up.
[23:10:25] [Render thread/INFO] [ColorPalette] Color palette file generated for 0 blockstates in 1ms for: C:\Users\Solariity\AppData\Roaming\PrismLauncher\instances\new inst\minecraft\journeymap\colorpalette.json
[23:10:25] [Render thread/INFO] [ColorPalette] Color palette file generated for 0 blockstates in 1ms for: C:\Users\Solariity\AppData\Roaming\PrismLauncher\instances\new inst\minecraft\journeymap\data\mp\Minecraft~Server_f54a0142~4231~4189~b942~8c43e648a7eb\colorpalette.json
[23:10:25] [Render thread/INFO] [JourneymapClient] Mapping started in C:\Users\Solariity\AppData\Roaming\PrismLauncher\instances\new inst\minecraft\journeymap\data\mp\Minecraft~Server_f54a0142~4231~4189~b942~8c43e648a7eb\overworld. Memory: 10096MB total, 2808MB free 
[23:10:25] [Render thread/INFO] [InternalStateHandler] Connection initiated with Journeymap Server: true
[23:10:25] [Render thread/INFO] [InternalStateHandler] Teleport Enabled: true
[23:10:25] [Render thread/INFO] [InternalStateHandler] Expanded Radar Enabled: true
[23:10:25] [Render thread/INFO] [InternalStateHandler] Server Admin Enabled: true
[23:10:25] [Render thread/INFO] [InternalStateHandler] Server set show in-game beacons: true
[23:10:25] [Render thread/INFO] [InternalStateHandler] Server set waypoints allowed: true
[23:10:25] [Render thread/INFO] [InternalStateHandler] Server set Server Admin read only mode: true
[23:10:25] [Render thread/INFO] [InternalStateHandler] Server set maxSurfaceRenderDistance to: 0
[23:10:25] [Render thread/INFO] [InternalStateHandler] Server setmaxCaveRenderDistance to: 0
[23:10:25] [Render thread/INFO] [InternalStateHandler] Server set allow mutliplayer options: true
[23:10:25] [Render thread/INFO] [InternalStateHandler] Server set allow rightClickTeleport options: true
[23:10:25] [Render thread/INFO] [InternalStateHandler] Server set allow radarLateralDistance options: 512
[23:10:25] [Render thread/INFO] [InternalStateHandler] Server set allow radarVerticalDistance options: 320
[23:10:25] [Render thread/INFO] [InternalStateHandler] Server set allow maxAnimalsData options: 128
[23:10:25] [Render thread/INFO] [InternalStateHandler] Server set allow maxAmbientCreaturesData options: 128
[23:10:25] [Render thread/INFO] [InternalStateHandler] Server set allow maxMobsData options: 128
[23:10:25] [Render thread/INFO] [InternalStateHandler] Server set allow maxPlayersData options: 128
[23:10:25] [Render thread/INFO] [InternalStateHandler] Server set allow maxVillagersData options: 128
[23:10:25] [Render thread/INFO] [InternalStateHandler] Server set allow playerRadarNamesEnabled options: true
[23:10:25] [Render thread/INFO] [InternalStateHandler] Server set allow minimapEnabled options: true
[23:10:25] [Render thread/INFO] [InternalStateHandler] Server set allow hideCoordinates options: false
[23:10:29] [Render thread/WARN] [JMLogger] Image is null: hyrule_terrors:textures/entity_icon/bokoblin.png
[23:10:54] [Render thread/WARN] [Constants] Message key 'null' threw exception: Cannot invoke "java.lang.CharSequence.length()" because "this.text" is null
[23:10:54] [Render thread/WARN] [Constants] Message key 'null' threw exception: Cannot invoke "java.lang.CharSequence.length()" because "this.text" is null
[23:10:54] [Render thread/WARN] [Constants] Message key 'null' threw exception: Cannot invoke "java.lang.CharSequence.length()" because "this.text" is null
[23:10:54] [Render thread/WARN] [Constants] Message key 'null' threw exception: Cannot invoke "java.lang.CharSequence.length()" because "this.text" is null
[23:10:54] [Render thread/WARN] [Constants] Message key 'null' threw exception: Cannot invoke "java.lang.CharSequence.length()" because "this.text" is null
[23:10:54] [Render thread/WARN] [Constants] Message key 'null' threw exception: Cannot invoke "java.lang.CharSequence.length()" because "this.text" is null
[23:10:54] [Render thread/WARN] [Constants] Message key 'null' threw exception: Cannot invoke "java.lang.CharSequence.length()" because "this.text" is null
[23:10:54] [Render thread/WARN] [Constants] Message key 'null' threw exception: Cannot invoke "java.lang.CharSequence.length()" because "this.text" is null
[23:11:21] [Render thread/WARN] [JMLogger] Image is null: cobblemon:textures/entity_icon/0309_electrike/electrike.png
[23:11:23] [Render thread/WARN] [JMLogger] Image is null: cobblemon:textures/entity_icon/0309_electrike/electrike.png
[23:11:23] [Render thread/WARN] [JMLogger] Image is null: cobblemon:textures/entity_icon/substitute.png
[23:11:27] [Render thread/WARN] [JMLogger] Image is null: cobblemon:textures/entity_icon/substitute.png
[23:11:27] [Render thread/WARN] [JMLogger] Image is null: cobblemon:textures/entity_icon/0309_electrike/electrike.png
[23:11:31] [Render thread/WARN] [JMLogger] Image is null: cobblemon:textures/entity_icon/0309_electrike/electrike.png
[23:11:31] [Render thread/WARN] [JMLogger] Image is null: cobblemon:textures/entity_icon/substitute.png
[23:11:34] [Render thread/WARN] [JMLogger] Image is null: cobblemon:textures/entity_icon/0309_electrike/electrike.png
[23:11:34] [Render thread/WARN] [JMLogger] Image is null: cobblemon:textures/entity_icon/substitute.png
[23:11:36] [Render thread/WARN] [JMLogger] Image is null: cobblemon:textures/entity_icon/0309_electrike/electrike.png
[23:11:36] [Render thread/WARN] [JMLogger] Image is null: cobblemon:textures/entity_icon/substitute.png
[23:11:39] [Render thread/WARN] [JMLogger] Image is null: cobblemon:textures/entity_icon/substitute.png
[23:11:39] [Render thread/WARN] [JMLogger] Image is null: cobblemon:textures/entity_icon/0309_electrike/electrike.png
[23:11:41] [Render thread/WARN] [JMLogger] Image is null: cobblemon:textures/entity_icon/0309_electrike/electrike.png
[23:11:41] [Render thread/WARN] [JMLogger] Image is null: cobblemon:textures/entity_icon/substitute.png
[23:11:44] [Render thread/WARN] [JMLogger] Image is null: cobblemon:textures/entity_icon/0309_electrike/electrike.png
[23:11:44] [Render thread/WARN] [JMLogger] Image is null: cobblemon:textures/entity_icon/substitute.png
[23:11:45] [Render thread/WARN] [JMLogger] Image is null: cobblemon:textures/entity_icon/0188_skiploom/skiploom.png
[23:11:46] [Render thread/WARN] [JMLogger] Image is null: cobblemon:textures/entity_icon/substitute.png
[23:11:46] [Render thread/WARN] [JMLogger] Image is null: cobblemon:textures/entity_icon/0309_electrike/electrike.png
[23:11:46] [Render thread/WARN] [JMLogger] Image is null: cobblemon:textures/entity_icon/0188_skiploom/skiploom.png
[23:11:48] [Render thread/WARN] [JMLogger] Image is null: cobblemon:textures/entity_icon/0309_electrike/electrike.png
[23:11:48] [Render thread/WARN] [JMLogger] Image is null: cobblemon:textures/entity_icon/substitute.png
[23:11:48] [Render thread/WARN] [JMLogger] Image is null: cobblemon:textures/entity_icon/0188_skiploom/skiploom.png
[23:11:50] [Render thread/WARN] [JMLogger] Image is null: cobblemon:textures/entity_icon/0188_skiploom/skiploom.png
[23:11:50] [Render thread/WARN] [JMLogger] Image is null: cobblemon:textures/entity_icon/0309_electrike/electrike.png
[23:11:50] [Render thread/WARN] [JMLogger] Image is null: cobblemon:textures/entity_icon/substitute.png
[23:11:52] [Render thread/WARN] [JMLogger] Image is null: cobblemon:textures/entity_icon/0309_electrike/electrike.png
[23:11:52] [Render thread/WARN] [JMLogger] Image is null: cobblemon:textures/entity_icon/0188_skiploom/skiploom.png
[23:11:52] [Render thread/WARN] [JMLogger] Image is null: cobblemon:textures/entity_icon/substitute.png
[23:11:54] [Render thread/WARN] [JMLogger] Image is null: cobblemon:textures/entity_icon/0309_electrike/electrike.png
[23:11:54] [Render thread/WARN] [JMLogger] Image is null: cobblemon:textures/entity_icon/0188_skiploom/skiploom.png
[23:11:54] [Render thread/WARN] [JMLogger] Image is null: cobblemon:textures/entity_icon/substitute.png
[23:11:56] [Render thread/WARN] [JMLogger] Image is null: cobblemon:textures/entity_icon/substitute.png
[23:11:56] [Render thread/WARN] [JMLogger] Image is null: cobblemon:textures/entity_icon/0309_electrike/electrike.png
[23:11:56] [Render thread/WARN] [JMLogger] Image is null: cobblemon:textures/entity_icon/0188_skiploom/skiploom.png
[23:11:58] [Render thread/WARN] [JMLogger] Image is null: cobblemon:textures/entity_icon/0309_electrike/electrike.png
[23:11:58] [Render thread/WARN] [JMLogger] Image is null: cobblemon:textures/entity_icon/substitute.png
[23:11:58] [Render thread/WARN] [JMLogger] Image is null: cobblemon:textures/entity_icon/0188_skiploom/skiploom.png
[23:12:00] [Render thread/WARN] [JMLogger] Image is null: cobblemon:textures/entity_icon/0188_skiploom/skiploom.png
[23:12:00] [Render thread/WARN] [JMLogger] Image is null: cobblemon:textures/entity_icon/0309_electrike/electrike.png
[23:12:00] [Render thread/WARN] [JMLogger] Image is null: cobblemon:textures/entity_icon/substitute.png
[23:12:02] [Render thread/WARN] [JMLogger] Image is null: cobblemon:textures/entity_icon/0309_electrike/electrike.png
[23:12:02] [Render thread/WARN] [JMLogger] Image is null: cobblemon:textures/entity_icon/0188_skiploom/skiploom.png
[23:12:02] [Render thread/WARN] [JMLogger] Image is null: cobblemon:textures/entity_icon/substitute.png
[23:12:04] [Render thread/WARN] [JMLogger] Image is null: cobblemon:textures/entity_icon/0309_electrike/electrike.png
[23:12:04] [Render thread/WARN] [JMLogger] Image is null: cobblemon:textures/entity_icon/0188_skiploom/skiploom.png
[23:12:04] [Render thread/WARN] [JMLogger] Image is null: cobblemon:textures/entity_icon/substitute.png
[23:12:05] [Render thread/WARN] [JMLogger] Image is null: cobblemon:textures/entity_icon/substitute.png
[23:12:05] [Render thread/WARN] [JMLogger] Image is null: cobblemon:textures/entity_icon/0309_electrike/electrike.png
[23:12:05] [Render thread/WARN] [JMLogger] Image is null: cobblemon:textures/entity_icon/0188_skiploom/skiploom.png
[23:12:07] [Render thread/WARN] [JMLogger] Image is null: cobblemon:textures/entity_icon/0309_electrike/electrike.png
[23:12:07] [Render thread/WARN] [JMLogger] Image is null: cobblemon:textures/entity_icon/substitute.png
[23:12:07] [Render thread/WARN] [JMLogger] Image is null: cobblemon:textures/entity_icon/0188_skiploom/skiploom.png
[23:12:09] [Render thread/WARN] [JMLogger] Image is null: cobblemon:textures/entity_icon/0188_skiploom/skiploom.png
[23:12:09] [Render thread/WARN] [JMLogger] Image is null: cobblemon:textures/entity_icon/0309_electrike/electrike.png
[23:12:09] [Render thread/WARN] [JMLogger] Image is null: cobblemon:textures/entity_icon/substitute.png
[23:12:11] [Render thread/WARN] [JMLogger] Image is null: cobblemon:textures/entity_icon/0309_electrike/electrike.png
[23:12:11] [Render thread/WARN] [JMLogger] Image is null: cobblemon:textures/entity_icon/0188_skiploom/skiploom.png
[23:12:11] [Render thread/WARN] [JMLogger] Image is null: cobblemon:textures/entity_icon/substitute.png
[23:12:13] [Render thread/WARN] [JMLogger] Image is null: cobblemon:textures/entity_icon/0309_electrike/electrike.png
[23:12:13] [Render thread/WARN] [JMLogger] Image is null: cobblemon:textures/entity_icon/0188_skiploom/skiploom.png
[23:12:13] [Render thread/WARN] [JMLogger] Image is null: cobblemon:textures/entity_icon/substitute.png
[23:12:14] [Render thread/WARN] [JMLogger] Image is null: cobblemon:textures/entity_icon/substitute.png
[23:12:14] [Render thread/WARN] [JMLogger] Image is null: cobblemon:textures/entity_icon/0309_electrike/electrike.png
[23:12:14] [Render thread/WARN] [JMLogger] Image is null: cobblemon:textures/entity_icon/0188_skiploom/skiploom.png
[23:12:16] [Render thread/WARN] [JMLogger] Image is null: cobblemon:textures/entity_icon/0309_electrike/electrike.png
[23:12:16] [Render thread/WARN] [JMLogger] Image is null: cobblemon:textures/entity_icon/substitute.png
[23:12:16] [Render thread/WARN] [JMLogger] Image is null: cobblemon:textures/entity_icon/0188_skiploom/skiploom.png
[23:12:18] [Render thread/WARN] [JMLogger] Image is null: cobblemon:textures/entity_icon/0188_skiploom/skiploom.png
[23:12:18] [Render thread/WARN] [JMLogger] Image is null: cobblemon:textures/entity_icon/0309_electrike/electrike.png
[23:12:18] [Render thread/WARN] [JMLogger] Image is null: cobblemon:textures/entity_icon/substitute.png
[23:12:20] [Render thread/WARN] [JMLogger] Image is null: cobblemon:textures/entity_icon/0309_electrike/electrike.png
[23:12:20] [Render thread/WARN] [JMLogger] Image is null: cobblemon:textures/entity_icon/0188_skiploom/skiploom.png
[23:12:20] [Render thread/WARN] [JMLogger] Image is null: cobblemon:textures/entity_icon/substitute.png
[23:12:22] [Render thread/WARN] [JMLogger] Image is null: cobblemon:textures/entity_icon/0309_electrike/electrike.png
[23:12:22] [Render thread/WARN] [JMLogger] Image is null: cobblemon:textures/entity_icon/0188_skiploom/skiploom.png
[23:12:22] [Render thread/WARN] [JMLogger] Image is null: cobblemon:textures/entity_icon/substitute.png
[23:12:24] [Render thread/WARN] [JMLogger] Image is null: cobblemon:textures/entity_icon/substitute.png
[23:12:24] [Render thread/WARN] [JMLogger] Image is null: cobblemon:textures/entity_icon/0309_electrike/electrike.png
[23:12:24] [Render thread/WARN] [JMLogger] Image is null: cobblemon:textures/entity_icon/0188_skiploom/skiploom.png
[23:12:26] [Render thread/WARN] [JMLogger] Image is null: cobblemon:textures/entity_icon/0188_skiploom/skiploom.png
[23:12:26] [Render thread/WARN] [JMLogger] Image is null: cobblemon:textures/entity_icon/0309_electrike/electrike.png
[23:12:26] [Render thread/WARN] [JMLogger] Image is null: cobblemon:textures/entity_icon/substitute.png
[23:12:27] [Render thread/WARN] [JMLogger] Image is null: cobblemon:textures/entity_icon/substitute.png
[23:12:27] [Render thread/WARN] [JMLogger] Image is null: cobblemon:textures/entity_icon/0309_electrike/electrike.png
[23:12:27] [Render thread/WARN] [JMLogger] Image is null: cobblemon:textures/entity_icon/0188_skiploom/skiploom.png
[23:12:29] [Render thread/WARN] [JMLogger] Image is null: cobblemon:textures/entity_icon/substitute.png
[23:12:29] [Render thread/WARN] [JMLogger] Image is null: cobblemon:textures/entity_icon/0309_electrike/electrike.png
[23:12:29] [Render thread/WARN] [JMLogger] Image is null: cobblemon:textures/entity_icon/0188_skiploom/skiploom.png
[23:12:31] [Render thread/WARN] [JMLogger] Image is null: cobblemon:textures/entity_icon/0188_skiploom/skiploom.png
[23:12:31] [Render thread/WARN] [JMLogger] Image is null: cobblemon:textures/entity_icon/0309_electrike/electrike.png
[23:12:31] [Render thread/WARN] [JMLogger] Image is null: cobblemon:textures/entity_icon/substitute.png
[23:12:32] [Render thread/WARN] [JMLogger] Image is null: cobblemon:textures/entity_icon/substitute.png
[23:12:32] [Render thread/WARN] [JMLogger] Image is null: cobblemon:textures/entity_icon/0309_electrike/electrike.png
[23:12:32] [Render thread/WARN] [JMLogger] Image is null: cobblemon:textures/entity_icon/0188_skiploom/skiploom.png
[23:12:34] [Render thread/WARN] [JMLogger] Image is null: cobblemon:textures/entity_icon/substitute.png
[23:12:34] [Render thread/WARN] [JMLogger] Image is null: cobblemon:textures/entity_icon/0309_electrike/electrike.png
[23:12:34] [Render thread/WARN] [JMLogger] Image is null: cobblemon:textures/entity_icon/0188_skiploom/skiploom.png
[23:12:36] [Render thread/WARN] [JMLogger] Image is null: cobblemon:textures/entity_icon/0188_skiploom/skiploom.png
[23:12:36] [Render thread/WARN] [JMLogger] Image is null: cobblemon:textures/entity_icon/0309_electrike/electrike.png
[23:12:36] [Render thread/WARN] [JMLogger] Image is null: cobblemon:textures/entity_icon/substitute.png
[23:12:38] [Render thread/WARN] [JMLogger] Image is null: cobblemon:textures/entity_icon/substitute.png
[23:12:38] [Render thread/WARN] [JMLogger] Image is null: cobblemon:textures/entity_icon/0309_electrike/electrike.png
[23:12:38] [Render thread/WARN] [JMLogger] Image is null: cobblemon:textures/entity_icon/0188_skiploom/skiploom.png
[23:12:39] [Render thread/WARN] [JMLogger] Image is null: cobblemon:textures/entity_icon/substitute.png
[23:12:39] [Render thread/WARN] [JMLogger] Image is null: cobblemon:textures/entity_icon/0309_electrike/electrike.png
[23:12:39] [Render thread/WARN] [JMLogger] Image is null: cobblemon:textures/entity_icon/0188_skiploom/skiploom.png
[23:12:41] [Render thread/WARN] [JMLogger] Image is null: cobblemon:textures/entity_icon/0188_skiploom/skiploom.png
[23:12:41] [Render thread/WARN] [JMLogger] Image is null: cobblemon:textures/entity_icon/0309_electrike/electrike.png
[23:12:41] [Render thread/WARN] [JMLogger] Image is null: cobblemon:textures/entity_icon/substitute.png
[23:12:43] [Render thread/WARN] [JMLogger] Image is null: cobblemon:textures/entity_icon/0309_electrike/electrike.png
[23:12:43] [Render thread/WARN] [JMLogger] Image is null: cobblemon:textures/entity_icon/0188_skiploom/skiploom.png
[23:12:43] [Render thread/WARN] [JMLogger] Image is null: cobblemon:textures/entity_icon/substitute.png
[23:12:45] [Render thread/WARN] [JMLogger] Image is null: cobblemon:textures/entity_icon/substitute.png
[23:12:45] [Render thread/WARN] [JMLogger] Image is null: cobblemon:textures/entity_icon/0309_electrike/electrike.png
[23:12:45] [Render thread/WARN] [JMLogger] Image is null: cobblemon:textures/entity_icon/0188_skiploom/skiploom.png
[23:12:47] [Render thread/WARN] [JMLogger] Image is null: cobblemon:textures/entity_icon/substitute.png
[23:12:47] [Render thread/WARN] [JMLogger] Image is null: cobblemon:textures/entity_icon/0309_electrike/electrike.png
[23:12:47] [Render thread/WARN] [JMLogger] Image is null: cobblemon:textures/entity_icon/0188_skiploom/skiploom.png
[23:12:49] [Render thread/WARN] [JMLogger] Image is null: cobblemon:textures/entity_icon/0309_electrike/electrike.png
[23:12:49] [Render thread/WARN] [JMLogger] Image is null: cobblemon:textures/entity_icon/substitute.png
[23:12:49] [Render thread/WARN] [JMLogger] Image is null: cobblemon:textures/entity_icon/0188_skiploom/skiploom.png
[23:12:51] [Render thread/WARN] [JMLogger] Image is null: cobblemon:textures/entity_icon/0188_skiploom/skiploom.png
[23:12:51] [Render thread/WARN] [JMLogger] Image is null: cobblemon:textures/entity_icon/0309_electrike/electrike.png
[23:12:51] [Render thread/WARN] [JMLogger] Image is null: cobblemon:textures/entity_icon/substitute.png
[23:12:53] [Render thread/WARN] [JMLogger] Image is null: cobblemon:textures/entity_icon/substitute.png
[23:12:53] [Render thread/WARN] [JMLogger] Image is null: cobblemon:textures/entity_icon/0309_electrike/electrike.png
[23:12:53] [Render thread/WARN] [JMLogger] Image is null: cobblemon:textures/entity_icon/0188_skiploom/skiploom.png
[23:12:55] [Render thread/WARN] [JMLogger] Image is null: cobblemon:textures/entity_icon/substitute.png
[23:12:55] [Render thread/WARN] [JMLogger] Image is null: cobblemon:textures/entity_icon/0309_electrike/electrike.png
[23:12:55] [Render thread/WARN] [JMLogger] Image is null: cobblemon:textures/entity_icon/0188_skiploom/skiploom.png
[23:12:57] [Render thread/WARN] [JMLogger] Image is null: cobblemon:textures/entity_icon/substitute.png
[23:12:57] [Render thread/WARN] [JMLogger] Image is null: cobblemon:textures/entity_icon/0188_skiploom/skiploom.png
[23:12:57] [Render thread/WARN] [JMLogger] Image is null: cobblemon:textures/entity_icon/0309_electrike/electrike.png
[23:12:59] [Render thread/WARN] [JMLogger] Image is null: cobblemon:textures/entity_icon/0309_electrike/electrike.png
[23:12:59] [Render thread/WARN] [JMLogger] Image is null: cobblemon:textures/entity_icon/substitute.png
[23:12:59] [Render thread/WARN] [JMLogger] Image is null: cobblemon:textures/entity_icon/0188_skiploom/skiploom.png
[23:13:01] [Render thread/WARN] [JMLogger] Image is null: cobblemon:textures/entity_icon/substitute.png
[23:13:01] [Render thread/WARN] [JMLogger] Image is null: cobblemon:textures/entity_icon/0309_electrike/electrike.png
[23:13:01] [Render thread/WARN] [JMLogger] Image is null: cobblemon:textures/entity_icon/0188_skiploom/skiploom.png
[23:13:03] [Render thread/WARN] [JMLogger] Image is null: cobblemon:textures/entity_icon/substitute.png
[23:13:03] [Render thread/WARN] [JMLogger] Image is null: cobblemon:textures/entity_icon/0188_skiploom/skiploom.png
[23:13:32] [Render thread/WARN] [JMLogger] Image is null: hyrule_terrors:textures/entity_icon/bokoblin.png
[23:13:40] [Render thread/WARN] [Constants] Message key 'null' threw exception: null
[23:13:40] [Render thread/WARN] [Constants] Message key 'null' threw exception: null
[23:13:40] [Render thread/WARN] [Constants] Message key 'null' threw exception: null
[23:13:40] [Render thread/WARN] [Constants] Message key 'null' threw exception: null
[23:13:40] [Render thread/WARN] [Constants] Message key 'null' threw exception: null
[23:13:40] [Render thread/WARN] [Constants] Message key 'null' threw exception: null
[23:13:40] [Render thread/WARN] [Constants] Message key 'null' threw exception: null
[23:13:40] [Render thread/WARN] [Constants] Message key 'null' threw exception: null
[23:13:57] [Render thread/WARN] [JMLogger] Image is null: cobblemon:textures/entity_icon/0824_blipbug/blipbug.png
[23:14:22] [Render thread/WARN] [JMLogger] Image is null: cobblemon:textures/entity_icon/0165_ledyba/ledyba.png
[23:14:30] [Render thread/WARN] [Constants] Message key 'null' threw exception: null
[23:14:30] [Render thread/WARN] [Constants] Message key 'null' threw exception: null
[23:14:30] [Render thread/WARN] [Constants] Message key 'null' threw exception: null
[23:14:30] [Render thread/WARN] [Constants] Message key 'null' threw exception: null
[23:14:30] [Render thread/WARN] [Constants] Message key 'null' threw exception: null
[23:14:30] [Render thread/WARN] [Constants] Message key 'null' threw exception: null
[23:14:30] [Render thread/WARN] [Constants] Message key 'null' threw exception: null
[23:14:30] [Render thread/WARN] [Constants] Message key 'null' threw exception: null
[23:14:35] [Render thread/WARN] [JMLogger] Image is null: cobblemon:textures/entity_icon/0187_hoppip/hoppip.png
[23:14:35] [Render thread/WARN] [JMLogger] Image is null: cobblemon:textures/entity_icon/0188_skiploom/skiploom.png
[23:14:35] [Render thread/WARN] [JMLogger] Image is null: cobblemon:textures/entity_icon/substitute.png
[23:14:35] [Render thread/WARN] [JMLogger] Image is null: cobblemon:textures/entity_icon/0824_blipbug/blipbug.png
[23:14:35] [Render thread/WARN] [JMLogger] Image is null: cobblemon:textures/entity_icon/0187_hoppip/hoppip.png
[23:14:35] [Render thread/WARN] [JMLogger] Image is null: cobblemon:textures/entity_icon/0165_ledyba/ledyba.png
[23:14:36] [Render thread/WARN] [JMLogger] Image is null: cobblemon:textures/entity_icon/0187_hoppip/hoppip.png
[23:14:36] [Render thread/WARN] [JMLogger] Image is null: cobblemon:textures/entity_icon/0165_ledyba/ledyba.png
[23:14:36] [Render thread/WARN] [JMLogger] Image is null: cobblemon:textures/entity_icon/0188_skiploom/skiploom.png
[23:14:36] [Render thread/WARN] [JMLogger] Image is null: cobblemon:textures/entity_icon/substitute.png
[23:14:36] [Render thread/WARN] [JMLogger] Image is null: cobblemon:textures/entity_icon/0824_blipbug/blipbug.png
[23:14:38] [Render thread/WARN] [JMLogger] Image is null: cobblemon:textures/entity_icon/0824_blipbug/blipbug.png
[23:14:38] [Render thread/WARN] [JMLogger] Image is null: cobblemon:textures/entity_icon/substitute.png
[23:14:38] [Render thread/WARN] [JMLogger] Image is null: cobblemon:textures/entity_icon/0187_hoppip/hoppip.png
[23:14:38] [Render thread/WARN] [JMLogger] Image is null: cobblemon:textures/entity_icon/0165_ledyba/ledyba.png
[23:14:38] [Render thread/WARN] [JMLogger] Image is null: cobblemon:textures/entity_icon/0188_skiploom/skiploom.png
[23:14:39] [Render thread/WARN] [JMLogger] Image is null: cobblemon:textures/entity_icon/0188_skiploom/skiploom.png
[23:14:39] [Render thread/WARN] [JMLogger] Image is null: cobblemon:textures/entity_icon/substitute.png
[23:14:39] [Render thread/WARN] [JMLogger] Image is null: cobblemon:textures/entity_icon/0824_blipbug/blipbug.png
[23:14:39] [Render thread/WARN] [JMLogger] Image is null: cobblemon:textures/entity_icon/0187_hoppip/hoppip.png
[23:14:39] [Render thread/WARN] [JMLogger] Image is null: cobblemon:textures/entity_icon/0165_ledyba/ledyba.png
[23:14:40] [Render thread/WARN] [JMLogger] Image is null: cobblemon:textures/entity_icon/0187_hoppip/hoppip.png
[23:14:40] [Render thread/WARN] [JMLogger] Image is null: cobblemon:textures/entity_icon/0165_ledyba/ledyba.png
[23:14:40] [Render thread/WARN] [JMLogger] Image is null: cobblemon:textures/entity_icon/0188_skiploom/skiploom.png
[23:14:40] [Render thread/WARN] [JMLogger] Image is null: cobblemon:textures/entity_icon/substitute.png
[23:14:40] [Render thread/WARN] [JMLogger] Image is null: cobblemon:textures/entity_icon/0824_blipbug/blipbug.png
[23:14:43] [Render thread/WARN] [JMLogger] Image is null: hyrule_terrors:textures/entity_icon/bokoblin.png
[23:14:57] [Render thread/WARN] [JMLogger] Image is null: cobblemon:textures/entity_icon/0310_manectric/manectric.png
[23:15:03] [Render thread/WARN] [JMLogger] Image is null: cobblemon:textures/entity_icon/0819_skwovet/skwovet.png
[23:15:05] [Render thread/INFO] [TextureCache] [JourneyMap]: Purging Theme Images
[23:15:05] [Render thread/INFO] [TextureCache] [JourneyMap]: Purging Region Images
[23:15:05] [Render thread/INFO] [TextureCache] [JourneyMap]: Purging Mob Icon Images
[23:15:05] [Render thread/INFO] [WaypointHandler] Resetting Waypoints and Groups.
[23:15:05] [Render thread/INFO] [WaypointStore] Loaded 1 waypoints from disk.
[23:15:05] [Render thread/INFO] [WaypointGroupStore] Loaded 4 waypoint groups from disk.
[23:15:05] [Render thread/ERROR] [JMLogger] java.lang.NullPointerException: Cannot invoke "journeymap.client.texture.TextureAccess.journeymap$getWidth()" because "tex" is null
	at TRANSFORMER/journeymap@1.21.1-6.0.0-beta.47/journeymap.client.render.draw.DrawEntityStep.drawCreature(DrawEntityStep.java:521)
	at TRANSFORMER/journeymap@1.21.1-6.0.0-beta.47/journeymap.client.render.draw.DrawEntityStep.draw(DrawEntityStep.java:247)
	at TRANSFORMER/journeymap@1.21.1-6.0.0-beta.47/journeymap.client.ui.minimap.MiniMap.drawOnMapEntities(MiniMap.java:484)
	at TRANSFORMER/journeymap@1.21.1-6.0.0-beta.47/journeymap.client.ui.minimap.MiniMap.drawMap(MiniMap.java:415)
	at TRANSFORMER/journeymap@1.21.1-6.0.0-beta.47/journeymap.client.event.handlers.ScreenEventHandler.onScreenPreRender(ScreenEventHandler.java:66)
	at TRANSFORMER/neoforge@21.1.172/net.neoforged.neoforge.client.ClientHooks.handler$haa000$journeymap$preLayerScreenEvent(ClientHooks.java:2703)
	at TRANSFORMER/neoforge@21.1.172/net.neoforged.neoforge.client.ClientHooks.drawScreen(ClientHooks.java)
	at TRANSFORMER/minecraft@1.21.1/net.minecraft.client.renderer.GameRenderer.mixinextras$bridge$drawScreen$258(GameRenderer.java)
	at TRANSFORMER/minecraft@1.21.1/net.minecraft.client.renderer.GameRenderer.wrapOperation$fdn000$konkrete$wrapRenderScreen_Konkrete(GameRenderer.java:8296)
	at TRANSFORMER/minecraft@1.21.1/net.minecraft.client.renderer.GameRenderer.render(GameRenderer.java:1092)
	at TRANSFORMER/minecraft@1.21.1/net.minecraft.client.Minecraft.runTick(Minecraft.java:1195)
	at TRANSFORMER/minecraft@1.21.1/net.minecraft.client.Minecraft.updateScreenAndTick(Minecraft.java:2226)
	at TRANSFORMER/minecraft@1.21.1/net.minecraft.client.Minecraft.disconnect(Minecraft.java:2159)
	at TRANSFORMER/minecraft@1.21.1/net.minecraft.client.Minecraft.disconnect(Minecraft.java:2127)
	at TRANSFORMER/minecraft@1.21.1/net.minecraft.client.gui.screens.PauseScreen.onDisconnect(PauseScreen.java:129)
	at TRANSFORMER/minecraft@1.21.1/net.minecraft.client.multiplayer.chat.report.ReportingContext.draftReportHandled(ReportingContext.java:52)
	at TRANSFORMER/minecraft@1.21.1/net.minecraft.client.gui.screens.PauseScreen.lambda$createPauseMenu$9(PauseScreen.java:104)
	at TRANSFORMER/minecraft@1.21.1/net.minecraft.client.gui.screens.PauseScreen.mda6b360$seamless_loading_screen$lambda$adjust$1$1(PauseScreen.java:1520)
	at TRANSFORMER/seamless_loading_screen@2.2.1+1.21/com.minenash.seamless_loading_screen.OnLeaveHelper.takeScreenShot(OnLeaveHelper.java:139)
	at TRANSFORMER/minecraft@1.21.1/net.minecraft.client.renderer.GameRenderer.handler$fmn000$seamless_loading_screen$attemptToTakeScreenshot(GameRenderer.java:9295)
	at TRANSFORMER/minecraft@1.21.1/net.minecraft.client.renderer.GameRenderer.render(GameRenderer.java:1037)
	at TRANSFORMER/minecraft@1.21.1/net.minecraft.client.Minecraft.runTick(Minecraft.java:1195)
	at TRANSFORMER/minecraft@1.21.1/net.minecraft.client.Minecraft.run(Minecraft.java:807)
	at TRANSFORMER/minecraft@1.21.1/net.minecraft.client.main.Main.main(Main.java:230)
	at java.base/jdk.internal.reflect.DirectMethodHandleAccessor.invoke(DirectMethodHandleAccessor.java:103)
	at java.base/java.lang.reflect.Method.invoke(Method.java:580)
	at MC-BOOTSTRAP/fml_loader@4.0.39/net.neoforged.fml.loading.targets.CommonLaunchHandler.runTarget(CommonLaunchHandler.java:136)
	at MC-BOOTSTRAP/fml_loader@4.0.39/net.neoforged.fml.loading.targets.CommonLaunchHandler.clientService(CommonLaunchHandler.java:124)
	at MC-BOOTSTRAP/fml_loader@4.0.39/net.neoforged.fml.loading.targets.CommonClientLaunchHandler.runService(CommonClientLaunchHandler.java:32)
	at MC-BOOTSTRAP/fml_loader@4.0.39/net.neoforged.fml.loading.targets.CommonLaunchHandler.lambda$launchService$4(CommonLaunchHandler.java:118)
	at MC-BOOTSTRAP/cpw.mods.modlauncher@11.0.4/cpw.mods.modlauncher.LaunchServiceHandlerDecorator.launch(LaunchServiceHandlerDecorator.java:30)
	at MC-BOOTSTRAP/cpw.mods.modlauncher@11.0.4/cpw.mods.modlauncher.LaunchServiceHandler.launch(LaunchServiceHandler.java:53)
	at MC-BOOTSTRAP/cpw.mods.modlauncher@11.0.4/cpw.mods.modlauncher.LaunchServiceHandler.launch(LaunchServiceHandler.java:71)
	at MC-BOOTSTRAP/cpw.mods.modlauncher@11.0.4/cpw.mods.modlauncher.Launcher.run(Launcher.java:103)
	at MC-BOOTSTRAP/cpw.mods.modlauncher@11.0.4/cpw.mods.modlauncher.Launcher.main(Launcher.java:74)
	at MC-BOOTSTRAP/cpw.mods.modlauncher@11.0.4/cpw.mods.modlauncher.BootstrapLaunchConsumer.accept(BootstrapLaunchConsumer.java:26)
	at MC-BOOTSTRAP/cpw.mods.modlauncher@11.0.4/cpw.mods.modlauncher.BootstrapLaunchConsumer.accept(BootstrapLaunchConsumer.java:23)
	at cpw.mods.bootstraplauncher@2.0.2/cpw.mods.bootstraplauncher.BootstrapLauncher.run(BootstrapLauncher.java:210)
	at cpw.mods.bootstraplauncher@2.0.2/cpw.mods.bootstraplauncher.BootstrapLauncher.main(BootstrapLauncher.java:69)
	at java.base/jdk.internal.reflect.DirectMethodHandleAccessor.invoke(DirectMethodHandleAccessor.java:103)
	at java.base/java.lang.reflect.Method.invoke(Method.java:580)
	at io.github.zekerzhayard.forgewrapper.installer.Main.main(Main.java:67)
	at org.prismlauncher.launcher.impl.StandardLauncher.launch(StandardLauncher.java:105)
	at org.prismlauncher.EntryPoint.listen(EntryPoint.java:129)
	at org.prismlauncher.EntryPoint.main(EntryPoint.java:70)

[23:15:05] [Render thread/INFO] [JourneymapClient] Mapping halted in C:\Users\Solariity\AppData\Roaming\PrismLauncher\instances\new inst\minecraft\journeymap\data\mp\Minecraft~Server_f54a0142~4231~4189~b942~8c43e648a7eb\minecraft:overworld
[23:15:05] [Render thread/INFO] [MappingMonitorTask] World ID has been reset.
[23:15:05] [Render thread/INFO] [JourneymapClient] World UID is set to: null
[23:15:07] [Render thread/INFO] [TextureCache] [JourneyMap]: Purging Theme Images
[23:15:07] [Render thread/INFO] [TextureCache] [JourneyMap]: Purging Region Images
[23:15:07] [Render thread/INFO] [TextureCache] [JourneyMap]: Purging Mob Icon Images
[23:15:07] [Render thread/INFO] [WaypointHandler] Resetting Waypoints and Groups.
[23:15:07] [Render thread/INFO] [WaypointStore] Loaded 0 waypoints from disk.
[23:15:07] [Render thread/INFO] [WaypointGroupStore] Loaded 4 waypoint groups from disk.
